[ 2016-10-20T22:40:27+08:00 ] ::1 /OfficeDispose/
INFO: [ app_init ] --START--
INFO: Run Behavior\BuildLiteBehavior [ RunTime:0.000000s ]
INFO: [ app_init ] --END-- [ RunTime:0.013000s ]
INFO: [ app_begin ] --START--
INFO: Run Behavior\ReadHtmlCacheBehavior [ RunTime:0.008001s ]
INFO: [ app_begin ] --END-- [ RunTime:0.008001s ]
INFO: [ view_parse ] --START--
INFO: [ template_filter ] --START--
INFO: Run Behavior\ContentReplaceBehavior [ RunTime:0.020001s ]
INFO: [ template_filter ] --END-- [ RunTime:0.021001s ]
INFO: Run Behavior\ParseTemplateBehavior [ RunTime:0.089005s ]
INFO: [ view_parse ] --END-- [ RunTime:0.089005s ]
INFO: [ view_filter ] --START--
INFO: Run Behavior\WriteHtmlCacheBehavior [ RunTime:0.007001s ]
INFO: [ view_filter ] --END-- [ RunTime:0.007001s ]
INFO: [ app_end ] --START--
INFO: Run Behavior\ShowPageTraceBehavior [ RunTime:0.004000s ]
INFO: [ app_end ] --END-- [ RunTime:0.004000s ]

[ 2016-10-20T22:40:36+08:00 ] ::1 /OfficeDispose/index.php/Home/ShenInsert/ShenInsert
INFO: [ app_init ] --START--
INFO: Run Behavior\BuildLiteBehavior [ RunTime:0.000000s ]
INFO: [ app_init ] --END-- [ RunTime:0.001000s ]
INFO: [ app_begin ] --START--
INFO: Run Behavior\ReadHtmlCacheBehavior [ RunTime:0.000000s ]
INFO: [ app_begin ] --END-- [ RunTime:0.000000s ]
SQL: SHOW COLUMNS FROM `indent` [ RunTime:0.0790s ]
SQL: INSERT INTO `indent` (`user`,`tel`,`address`,`combo`,`money`,`status`,`add_time`,`who_upd`,`upd_time`,`url`) VALUES ('0','111','0','0','0','1','1476974436','0','','http://localhost/office/') [ RunTime:0.0340s ]
INFO: [ app_end ] --START--
INFO: Run Behavior\ShowPageTraceBehavior [ RunTime:0.001000s ]
INFO: [ app_end ] --END-- [ RunTime:0.002000s ]

[ 2016-10-20T22:40:47+08:00 ] ::1 /OfficeDispose/index.php/Home/ShenInsert/ShenInsert
INFO: [ app_init ] --START--
INFO: Run Behavior\BuildLiteBehavior [ RunTime:0.000000s ]
INFO: [ app_init ] --END-- [ RunTime:0.001000s ]
INFO: [ app_begin ] --START--
INFO: Run Behavior\ReadHtmlCacheBehavior [ RunTime:0.001000s ]
INFO: [ app_begin ] --END-- [ RunTime:0.001000s ]
SQL: SHOW COLUMNS FROM `indent` [ RunTime:0.0010s ]
SQL: INSERT INTO `indent` (`user`,`tel`,`address`,`combo`,`money`,`status`,`add_time`,`who_upd`,`upd_time`,`url`) VALUES ('0','22222','0','0','0','1','1476974447','0','','http://localhost/office/') [ RunTime:0.0290s ]
INFO: [ app_end ] --START--
INFO: Run Behavior\ShowPageTraceBehavior [ RunTime:0.001000s ]
INFO: [ app_end ] --END-- [ RunTime:0.001000s ]

[ 2016-10-20T22:41:44+08:00 ] ::1 /OfficeDispose/index.php/Home/ShenInsert/ShenInsert
INFO: [ app_init ] --START--
INFO: Run Behavior\BuildLiteBehavior [ RunTime:0.000000s ]
INFO: [ app_init ] --END-- [ RunTime:0.001000s ]
INFO: [ app_begin ] --START--
INFO: Run Behavior\ReadHtmlCacheBehavior [ RunTime:0.001000s ]
INFO: [ app_begin ] --END-- [ RunTime:0.001000s ]
SQL: SHOW COLUMNS FROM `indent` [ RunTime:0.0020s ]
SQL: INSERT INTO `indent` (`user`,`tel`,`address`,`combo`,`money`,`status`,`add_time`,`who_upd`,`upd_time`,`url`) VALUES ('0','3213','0','0','0','1','1476974504','0','','http://localhost/office/') [ RunTime:0.0390s ]
INFO: [ app_end ] --START--
INFO: Run Behavior\ShowPageTraceBehavior [ RunTime:0.002001s ]
INFO: [ app_end ] --END-- [ RunTime:0.002001s ]

[ 2016-10-20T22:42:04+08:00 ] ::1 /OfficeDispose/index.php/Home/ShenInsert/ShenInsert
INFO: [ app_init ] --START--
INFO: Run Behavior\BuildLiteBehavior [ RunTime:0.000000s ]
INFO: [ app_init ] --END-- [ RunTime:0.000000s ]
INFO: [ app_begin ] --START--
INFO: Run Behavior\ReadHtmlCacheBehavior [ RunTime:0.001000s ]
INFO: [ app_begin ] --END-- [ RunTime:0.001000s ]
SQL: SHOW COLUMNS FROM `indent` [ RunTime:0.0010s ]
SQL: INSERT INTO `indent` (`user`,`tel`,`address`,`combo`,`money`,`status`,`add_time`,`who_upd`,`upd_time`,`url`) VALUES ('0','3213','0','0','0','1','1476974523','0','','http://localhost/office/') [ RunTime:0.0370s ]
INFO: [ app_end ] --START--
INFO: Run Behavior\ShowPageTraceBehavior [ RunTime:0.001000s ]
INFO: [ app_end ] --END-- [ RunTime:0.001000s ]

[ 2016-10-20T22:42:09+08:00 ] ::1 /OfficeDispose/index.php/Home/ShenInsert/ShenInsert
INFO: [ app_init ] --START--
INFO: Run Behavior\BuildLiteBehavior [ RunTime:0.000000s ]
INFO: [ app_init ] --END-- [ RunTime:0.001000s ]
INFO: [ app_begin ] --START--
INFO: Run Behavior\ReadHtmlCacheBehavior [ RunTime:0.000000s ]
INFO: [ app_begin ] --END-- [ RunTime:0.000000s ]
SQL: SHOW COLUMNS FROM `indent` [ RunTime:0.0010s ]
SQL: INSERT INTO `indent` (`user`,`tel`,`address`,`combo`,`money`,`status`,`add_time`,`who_upd`,`upd_time`,`url`) VALUES ('0','2147483647','0','0','0','1','1476974528','0','','http://localhost/office/') [ RunTime:0.0250s ]
INFO: [ app_end ] --START--
INFO: Run Behavior\ShowPageTraceBehavior [ RunTime:0.000000s ]
INFO: [ app_end ] --END-- [ RunTime:0.000000s ]

[ 2016-10-20T22:42:14+08:00 ] ::1 /OfficeDispose/index.php/Home/ShenInsert/ShenInsert
INFO: [ app_init ] --START--
INFO: Run Behavior\BuildLiteBehavior [ RunTime:0.000000s ]
INFO: [ app_init ] --END-- [ RunTime:0.000000s ]
INFO: [ app_begin ] --START--
INFO: Run Behavior\ReadHtmlCacheBehavior [ RunTime:0.001000s ]
INFO: [ app_begin ] --END-- [ RunTime:0.001000s ]
SQL: SHOW COLUMNS FROM `indent` [ RunTime:0.0010s ]
SQL: INSERT INTO `indent` (`user`,`tel`,`address`,`combo`,`money`,`status`,`add_time`,`who_upd`,`upd_time`,`url`) VALUES ('0','0','0','0','0','1','1476974534','0','','http://localhost/office/') [ RunTime:0.0290s ]
INFO: [ app_end ] --START--
INFO: Run Behavior\ShowPageTraceBehavior [ RunTime:0.001000s ]
INFO: [ app_end ] --END-- [ RunTime:0.001000s ]

[ 2016-10-20T22:46:21+08:00 ] ::1 /OfficeDispose/index.php/Home/ShenInsert/ShenInsert
INFO: [ app_init ] --START--
INFO: Run Behavior\BuildLiteBehavior [ RunTime:0.000000s ]
INFO: [ app_init ] --END-- [ RunTime:0.001000s ]
INFO: [ app_begin ] --START--
INFO: Run Behavior\ReadHtmlCacheBehavior [ RunTime:0.001000s ]
INFO: [ app_begin ] --END-- [ RunTime:0.001000s ]
SQL: SHOW COLUMNS FROM `indent` [ RunTime:0.0010s ]
SQL: INSERT INTO `indent` (`user`,`tel`,`address`,`combo`,`money`,`status`,`add_time`,`who_upd`,`upd_time`,`url`) VALUES ('0','11111','0','0','0','1','1476974781','0','','http://localhost/office/') [ RunTime:0.0290s ]
INFO: [ app_end ] --START--
INFO: Run Behavior\ShowPageTraceBehavior [ RunTime:0.001000s ]
INFO: [ app_end ] --END-- [ RunTime:0.001000s ]

