[ 2016-12-17T17:28:54+08:00 ] ::1 /kefuchoujiang/index.php/Home/ShenInsert/ShenInsert
INFO: [ app_init ] --START--
INFO: Run Behavior\BuildLiteBehavior [ RunTime:0.000000s ]
INFO: [ app_init ] --END-- [ RunTime:0.029001s ]
INFO: [ app_begin ] --START--
INFO: Run Behavior\ReadHtmlCacheBehavior [ RunTime:0.008000s ]
INFO: [ app_begin ] --END-- [ RunTime:0.008000s ]
SQL: SHOW COLUMNS FROM `indent` [ RunTime:0.1150s ]
SQL: INSERT INTO `indent` (`user`,`tel`,`prize`,`address`,`combo`,`money`,`status`,`add_time`,`who_upd`,`upd_time`,`url`) VALUES ('0','11111','手套','0','0','0','1','1481966933','0','','http://localhost/ceshichoujiang/') [ RunTime:0.0610s ]
INFO: [ view_parse ] --START--
INFO: [ template_filter ] --START--
INFO: Run Behavior\ContentReplaceBehavior [ RunTime:0.014001s ]
INFO: [ template_filter ] --END-- [ RunTime:0.014001s ]
INFO: Run Behavior\ParseTemplateBehavior [ RunTime:0.092005s ]
INFO: [ view_parse ] --END-- [ RunTime:0.092005s ]
INFO: [ view_filter ] --START--
INFO: Run Behavior\WriteHtmlCacheBehavior [ RunTime:0.017001s ]
INFO: [ view_filter ] --END-- [ RunTime:0.017001s ]
INFO: [ app_end ] --START--
INFO: Run Behavior\ShowPageTraceBehavior [ RunTime:0.003000s ]
INFO: [ app_end ] --END-- [ RunTime:0.003000s ]

[ 2016-12-17T17:42:22+08:00 ] ::1 /kefuchoujiang/index.php/Home/ShenInsert/ShenInsert
INFO: [ app_init ] --START--
INFO: Run Behavior\BuildLiteBehavior [ RunTime:0.000000s ]
INFO: [ app_init ] --END-- [ RunTime:0.000000s ]
INFO: [ app_begin ] --START--
INFO: Run Behavior\ReadHtmlCacheBehavior [ RunTime:0.002000s ]
INFO: [ app_begin ] --END-- [ RunTime:0.002000s ]
SQL: SHOW COLUMNS FROM `indent` [ RunTime:0.0020s ]
SQL: INSERT INTO `indent` (`user`,`tel`,`prize`,`address`,`combo`,`money`,`status`,`add_time`,`who_upd`,`upd_time`,`url`) VALUES ('0','111','围巾','0','0','0','1','1481967742','0','','http://localhost/ceshichoujiang/') [ RunTime:0.0250s ]
INFO: [ view_parse ] --START--
INFO: [ template_filter ] --START--
INFO: Run Behavior\ContentReplaceBehavior [ RunTime:0.000000s ]
INFO: [ template_filter ] --END-- [ RunTime:0.000000s ]
INFO: Run Behavior\ParseTemplateBehavior [ RunTime:0.009000s ]
INFO: [ view_parse ] --END-- [ RunTime:0.009000s ]
INFO: [ view_filter ] --START--
INFO: Run Behavior\WriteHtmlCacheBehavior [ RunTime:0.001001s ]
INFO: [ view_filter ] --END-- [ RunTime:0.001001s ]
INFO: [ app_end ] --START--
INFO: Run Behavior\ShowPageTraceBehavior [ RunTime:0.001000s ]
INFO: [ app_end ] --END-- [ RunTime:0.001000s ]

[ 2016-12-17T17:46:24+08:00 ] ::1 /kefuchoujiang/index.php/Home/ShenInsert/ShenInsert
INFO: [ app_init ] --START--
INFO: Run Behavior\BuildLiteBehavior [ RunTime:0.000000s ]
INFO: [ app_init ] --END-- [ RunTime:0.001000s ]
INFO: [ app_begin ] --START--
INFO: Run Behavior\ReadHtmlCacheBehavior [ RunTime:0.001000s ]
INFO: [ app_begin ] --END-- [ RunTime:0.001000s ]
SQL: SHOW COLUMNS FROM `indent` [ RunTime:0.0020s ]
SQL: INSERT INTO `indent` (`user`,`tel`,`prize`,`address`,`combo`,`money`,`status`,`add_time`,`who_upd`,`upd_time`,`url`) VALUES ('0','111','无','0','0','0','1','1481967983','0','','http://localhost/ceshichoujiang/') [ RunTime:0.0370s ]
INFO: [ view_parse ] --START--
INFO: [ template_filter ] --START--
INFO: Run Behavior\ContentReplaceBehavior [ RunTime:0.000000s ]
INFO: [ template_filter ] --END-- [ RunTime:0.000000s ]
INFO: Run Behavior\ParseTemplateBehavior [ RunTime:0.011001s ]
INFO: [ view_parse ] --END-- [ RunTime:0.011001s ]
INFO: [ view_filter ] --START--
INFO: Run Behavior\WriteHtmlCacheBehavior [ RunTime:0.001000s ]
INFO: [ view_filter ] --END-- [ RunTime:0.001000s ]
INFO: [ app_end ] --START--
INFO: Run Behavior\ShowPageTraceBehavior [ RunTime:0.001000s ]
INFO: [ app_end ] --END-- [ RunTime:0.001000s ]

[ 2016-12-17T17:46:37+08:00 ] ::1 /kefuchoujiang/index.php/Home/ShenInsert/ShenInsert
INFO: [ app_init ] --START--
INFO: Run Behavior\BuildLiteBehavior [ RunTime:0.000000s ]
INFO: [ app_init ] --END-- [ RunTime:0.000000s ]
INFO: [ app_begin ] --START--
INFO: Run Behavior\ReadHtmlCacheBehavior [ RunTime:0.001000s ]
INFO: [ app_begin ] --END-- [ RunTime:0.001000s ]
SQL: SHOW COLUMNS FROM `indent` [ RunTime:0.0010s ]
SQL: INSERT INTO `indent` (`user`,`tel`,`prize`,`address`,`combo`,`money`,`status`,`add_time`,`who_upd`,`upd_time`,`url`) VALUES ('0','11111','无','0','0','0','1','1481967997','0','','http://localhost/ceshichoujiang/') [ RunTime:0.0250s ]
INFO: [ view_parse ] --START--
INFO: [ template_filter ] --START--
INFO: Run Behavior\ContentReplaceBehavior [ RunTime:0.000000s ]
INFO: [ template_filter ] --END-- [ RunTime:0.000000s ]
INFO: Run Behavior\ParseTemplateBehavior [ RunTime:0.008001s ]
INFO: [ view_parse ] --END-- [ RunTime:0.008001s ]
INFO: [ view_filter ] --START--
INFO: Run Behavior\WriteHtmlCacheBehavior [ RunTime:0.000000s ]
INFO: [ view_filter ] --END-- [ RunTime:0.000000s ]
INFO: [ app_end ] --START--
INFO: Run Behavior\ShowPageTraceBehavior [ RunTime:0.000000s ]
INFO: [ app_end ] --END-- [ RunTime:0.000000s ]

[ 2016-12-17T17:46:53+08:00 ] ::1 /kefuchoujiang/index.php/Home/ShenInsert/ShenInsert
INFO: [ app_init ] --START--
INFO: Run Behavior\BuildLiteBehavior [ RunTime:0.000000s ]
INFO: [ app_init ] --END-- [ RunTime:0.000000s ]
INFO: [ app_begin ] --START--
INFO: Run Behavior\ReadHtmlCacheBehavior [ RunTime:0.001001s ]
INFO: [ app_begin ] --END-- [ RunTime:0.001001s ]
SQL: SHOW COLUMNS FROM `indent` [ RunTime:0.0020s ]
SQL: INSERT INTO `indent` (`user`,`tel`,`prize`,`address`,`combo`,`money`,`status`,`add_time`,`who_upd`,`upd_time`,`url`) VALUES ('0','11111111','无','0','0','0','1','1481968013','0','','http://localhost/ceshichoujiang/') [ RunTime:0.0230s ]
INFO: [ view_parse ] --START--
INFO: [ template_filter ] --START--
INFO: Run Behavior\ContentReplaceBehavior [ RunTime:0.000000s ]
INFO: [ template_filter ] --END-- [ RunTime:0.000000s ]
INFO: Run Behavior\ParseTemplateBehavior [ RunTime:0.007001s ]
INFO: [ view_parse ] --END-- [ RunTime:0.007001s ]
INFO: [ view_filter ] --START--
INFO: Run Behavior\WriteHtmlCacheBehavior [ RunTime:0.001000s ]
INFO: [ view_filter ] --END-- [ RunTime:0.001000s ]
INFO: [ app_end ] --START--
INFO: Run Behavior\ShowPageTraceBehavior [ RunTime:0.000000s ]
INFO: [ app_end ] --END-- [ RunTime:0.000000s ]

[ 2016-12-17T17:47:54+08:00 ] ::1 /kefuchoujiang/index.php/Home/ShenInsert/ShenInsert
INFO: [ app_init ] --START--
INFO: Run Behavior\BuildLiteBehavior [ RunTime:0.000000s ]
INFO: [ app_init ] --END-- [ RunTime:0.000000s ]
INFO: [ app_begin ] --START--
INFO: Run Behavior\ReadHtmlCacheBehavior [ RunTime:0.001001s ]
INFO: [ app_begin ] --END-- [ RunTime:0.001001s ]
SQL: SHOW COLUMNS FROM `indent` [ RunTime:0.0020s ]
SQL: INSERT INTO `indent` (`user`,`tel`,`prize`,`address`,`combo`,`money`,`status`,`add_time`,`who_upd`,`upd_time`,`url`) VALUES ('0','1111','无','0','0','0','1','1481968074','0','','http://localhost/ceshichoujiang/') [ RunTime:0.0250s ]
INFO: [ view_parse ] --START--
INFO: [ template_filter ] --START--
INFO: Run Behavior\ContentReplaceBehavior [ RunTime:0.000000s ]
INFO: [ template_filter ] --END-- [ RunTime:0.000000s ]
INFO: Run Behavior\ParseTemplateBehavior [ RunTime:0.009001s ]
INFO: [ view_parse ] --END-- [ RunTime:0.009001s ]
INFO: [ view_filter ] --START--
INFO: Run Behavior\WriteHtmlCacheBehavior [ RunTime:0.001000s ]
INFO: [ view_filter ] --END-- [ RunTime:0.001000s ]
INFO: [ app_end ] --START--
INFO: Run Behavior\ShowPageTraceBehavior [ RunTime:0.001000s ]
INFO: [ app_end ] --END-- [ RunTime:0.001000s ]

[ 2016-12-17T17:48:15+08:00 ] ::1 /kefuchoujiang/index.php/Home/ShenInsert/ShenInsert
INFO: [ app_init ] --START--
INFO: Run Behavior\BuildLiteBehavior [ RunTime:0.000000s ]
INFO: [ app_init ] --END-- [ RunTime:0.001000s ]
INFO: [ app_begin ] --START--
INFO: Run Behavior\ReadHtmlCacheBehavior [ RunTime:0.000000s ]
INFO: [ app_begin ] --END-- [ RunTime:0.001000s ]
SQL: SHOW COLUMNS FROM `indent` [ RunTime:0.0020s ]
SQL: INSERT INTO `indent` (`user`,`tel`,`prize`,`address`,`combo`,`money`,`status`,`add_time`,`who_upd`,`upd_time`,`url`) VALUES ('0','1111','无','0','0','0','1','1481968095','0','','http://localhost/ceshichoujiang/') [ RunTime:0.0210s ]
INFO: [ view_parse ] --START--
INFO: [ template_filter ] --START--
INFO: Run Behavior\ContentReplaceBehavior [ RunTime:0.000000s ]
INFO: [ template_filter ] --END-- [ RunTime:0.000000s ]
INFO: Run Behavior\ParseTemplateBehavior [ RunTime:0.008001s ]
INFO: [ view_parse ] --END-- [ RunTime:0.008001s ]
INFO: [ view_filter ] --START--
INFO: Run Behavior\WriteHtmlCacheBehavior [ RunTime:0.000000s ]
INFO: [ view_filter ] --END-- [ RunTime:0.000000s ]
INFO: [ app_end ] --START--
INFO: Run Behavior\ShowPageTraceBehavior [ RunTime:0.001000s ]
INFO: [ app_end ] --END-- [ RunTime:0.001000s ]

[ 2016-12-17T17:48:59+08:00 ] ::1 /kefuchoujiang/index.php/Home/ShenInsert/ShenInsert
INFO: [ app_init ] --START--
INFO: Run Behavior\BuildLiteBehavior [ RunTime:0.000000s ]
INFO: [ app_init ] --END-- [ RunTime:0.000000s ]
INFO: [ app_begin ] --START--
INFO: Run Behavior\ReadHtmlCacheBehavior [ RunTime:0.001000s ]
INFO: [ app_begin ] --END-- [ RunTime:0.001000s ]
SQL: SHOW COLUMNS FROM `indent` [ RunTime:0.0020s ]
SQL: INSERT INTO `indent` (`user`,`tel`,`prize`,`address`,`combo`,`money`,`status`,`add_time`,`who_upd`,`upd_time`,`url`) VALUES ('0','111111','无','0','0','0','1','1481968139','0','','http://localhost/ceshichoujiang/') [ RunTime:0.0260s ]
INFO: [ view_parse ] --START--
INFO: [ template_filter ] --START--
INFO: Run Behavior\ContentReplaceBehavior [ RunTime:0.000000s ]
INFO: [ template_filter ] --END-- [ RunTime:0.000000s ]
INFO: Run Behavior\ParseTemplateBehavior [ RunTime:0.008000s ]
INFO: [ view_parse ] --END-- [ RunTime:0.008000s ]
INFO: [ view_filter ] --START--
INFO: Run Behavior\WriteHtmlCacheBehavior [ RunTime:0.000000s ]
INFO: [ view_filter ] --END-- [ RunTime:0.000000s ]
INFO: [ app_end ] --START--
INFO: Run Behavior\ShowPageTraceBehavior [ RunTime:0.001000s ]
INFO: [ app_end ] --END-- [ RunTime:0.001000s ]

[ 2016-12-17T17:49:20+08:00 ] ::1 /kefuchoujiang/index.php/Home/ShenInsert/ShenInsert
INFO: [ app_init ] --START--
INFO: Run Behavior\BuildLiteBehavior [ RunTime:0.000000s ]
INFO: [ app_init ] --END-- [ RunTime:0.000000s ]
INFO: [ app_begin ] --START--
INFO: Run Behavior\ReadHtmlCacheBehavior [ RunTime:0.000000s ]
INFO: [ app_begin ] --END-- [ RunTime:0.000000s ]
SQL: SHOW COLUMNS FROM `indent` [ RunTime:0.0010s ]
SQL: INSERT INTO `indent` (`user`,`tel`,`prize`,`address`,`combo`,`money`,`status`,`add_time`,`who_upd`,`upd_time`,`url`) VALUES ('0','11111','无','0','0','0','1','1481968160','0','','http://localhost/ceshichoujiang/') [ RunTime:0.0090s ]
INFO: [ view_parse ] --START--
INFO: [ template_filter ] --START--
INFO: Run Behavior\ContentReplaceBehavior [ RunTime:0.000000s ]
INFO: [ template_filter ] --END-- [ RunTime:0.000000s ]
INFO: Run Behavior\ParseTemplateBehavior [ RunTime:0.009000s ]
INFO: [ view_parse ] --END-- [ RunTime:0.009000s ]
INFO: [ view_filter ] --START--
INFO: Run Behavior\WriteHtmlCacheBehavior [ RunTime:0.000000s ]
INFO: [ view_filter ] --END-- [ RunTime:0.000000s ]
INFO: [ app_end ] --START--
INFO: Run Behavior\ShowPageTraceBehavior [ RunTime:0.001000s ]
INFO: [ app_end ] --END-- [ RunTime:0.001000s ]

[ 2016-12-17T17:55:51+08:00 ] ::1 /kefuchoujiang/index.php/Home/ShenInsert/ShenInsert
INFO: [ app_init ] --START--
INFO: Run Behavior\BuildLiteBehavior [ RunTime:0.000000s ]
INFO: [ app_init ] --END-- [ RunTime:0.001000s ]
INFO: [ app_begin ] --START--
INFO: Run Behavior\ReadHtmlCacheBehavior [ RunTime:0.001000s ]
INFO: [ app_begin ] --END-- [ RunTime:0.001000s ]
SQL: SHOW COLUMNS FROM `indent` [ RunTime:0.0020s ]
SQL: INSERT INTO `indent` (`user`,`tel`,`prize`,`address`,`combo`,`money`,`status`,`add_time`,`who_upd`,`upd_time`,`url`) VALUES ('0','','无','0','0','0','1','1481968551','0','','http://localhost/ceshichoujiang/') [ RunTime:0.0240s ]
INFO: [ view_parse ] --START--
INFO: [ template_filter ] --START--
INFO: Run Behavior\ContentReplaceBehavior [ RunTime:0.000000s ]
INFO: [ template_filter ] --END-- [ RunTime:0.000000s ]
INFO: Run Behavior\ParseTemplateBehavior [ RunTime:0.008001s ]
INFO: [ view_parse ] --END-- [ RunTime:0.008001s ]
INFO: [ view_filter ] --START--
INFO: Run Behavior\WriteHtmlCacheBehavior [ RunTime:0.000000s ]
INFO: [ view_filter ] --END-- [ RunTime:0.000000s ]
INFO: [ app_end ] --START--
INFO: Run Behavior\ShowPageTraceBehavior [ RunTime:0.001000s ]
INFO: [ app_end ] --END-- [ RunTime:0.001000s ]

[ 2016-12-17T17:56:22+08:00 ] ::1 /kefuchoujiang/index.php/Home/ShenInsert/ShenInsert
INFO: [ app_init ] --START--
INFO: Run Behavior\BuildLiteBehavior [ RunTime:0.000000s ]
INFO: [ app_init ] --END-- [ RunTime:0.001000s ]
INFO: [ app_begin ] --START--
INFO: Run Behavior\ReadHtmlCacheBehavior [ RunTime:0.001000s ]
INFO: [ app_begin ] --END-- [ RunTime:0.001000s ]
SQL: SHOW COLUMNS FROM `indent` [ RunTime:0.0010s ]
SQL: INSERT INTO `indent` (`user`,`tel`,`prize`,`address`,`combo`,`money`,`status`,`add_time`,`who_upd`,`upd_time`,`url`) VALUES ('0','','无','0','0','0','1','1481968582','0','','http://localhost/ceshichoujiang/') [ RunTime:0.0180s ]
INFO: [ view_parse ] --START--
INFO: [ template_filter ] --START--
INFO: Run Behavior\ContentReplaceBehavior [ RunTime:0.000000s ]
INFO: [ template_filter ] --END-- [ RunTime:0.000000s ]
INFO: Run Behavior\ParseTemplateBehavior [ RunTime:0.008000s ]
INFO: [ view_parse ] --END-- [ RunTime:0.008000s ]
INFO: [ view_filter ] --START--
INFO: Run Behavior\WriteHtmlCacheBehavior [ RunTime:0.000000s ]
INFO: [ view_filter ] --END-- [ RunTime:0.000000s ]
INFO: [ app_end ] --START--
INFO: Run Behavior\ShowPageTraceBehavior [ RunTime:0.001000s ]
INFO: [ app_end ] --END-- [ RunTime:0.001000s ]

[ 2016-12-17T17:57:59+08:00 ] ::1 /kefuchoujiang/index.php/Home/ShenInsert/ShenInsert
INFO: [ app_init ] --START--
INFO: Run Behavior\BuildLiteBehavior [ RunTime:0.000000s ]
INFO: [ app_init ] --END-- [ RunTime:0.001000s ]
INFO: [ app_begin ] --START--
INFO: Run Behavior\ReadHtmlCacheBehavior [ RunTime:0.001000s ]
INFO: [ app_begin ] --END-- [ RunTime:0.001000s ]
SQL: SHOW COLUMNS FROM `indent` [ RunTime:0.0010s ]
SQL: INSERT INTO `indent` (`user`,`tel`,`prize`,`address`,`combo`,`money`,`status`,`add_time`,`who_upd`,`upd_time`,`url`) VALUES ('0','','无','0','0','0','1','1481968679','0','','http://localhost/ceshichoujiang/') [ RunTime:0.0150s ]
INFO: [ view_parse ] --START--
INFO: [ template_filter ] --START--
INFO: Run Behavior\ContentReplaceBehavior [ RunTime:0.000000s ]
INFO: [ template_filter ] --END-- [ RunTime:0.000000s ]
INFO: Run Behavior\ParseTemplateBehavior [ RunTime:0.009000s ]
INFO: [ view_parse ] --END-- [ RunTime:0.009000s ]
INFO: [ view_filter ] --START--
INFO: Run Behavior\WriteHtmlCacheBehavior [ RunTime:0.000000s ]
INFO: [ view_filter ] --END-- [ RunTime:0.000000s ]
INFO: [ app_end ] --START--
INFO: Run Behavior\ShowPageTraceBehavior [ RunTime:0.001000s ]
INFO: [ app_end ] --END-- [ RunTime:0.001000s ]

[ 2016-12-17T17:58:24+08:00 ] ::1 /kefuchoujiang/index.php/Home/ShenInsert/ShenInsert
INFO: [ app_init ] --START--
INFO: Run Behavior\BuildLiteBehavior [ RunTime:0.000000s ]
INFO: [ app_init ] --END-- [ RunTime:0.001001s ]
INFO: [ app_begin ] --START--
INFO: Run Behavior\ReadHtmlCacheBehavior [ RunTime:0.000000s ]
INFO: [ app_begin ] --END-- [ RunTime:0.000000s ]
SQL: SHOW COLUMNS FROM `indent` [ RunTime:0.0010s ]
SQL: INSERT INTO `indent` (`user`,`tel`,`prize`,`address`,`combo`,`money`,`status`,`add_time`,`who_upd`,`upd_time`,`url`) VALUES ('0','','无','0','0','0','1','1481968704','0','','http://localhost/ceshichoujiang/') [ RunTime:0.0240s ]
INFO: [ view_parse ] --START--
INFO: [ template_filter ] --START--
INFO: Run Behavior\ContentReplaceBehavior [ RunTime:0.000000s ]
INFO: [ template_filter ] --END-- [ RunTime:0.000000s ]
INFO: Run Behavior\ParseTemplateBehavior [ RunTime:0.009001s ]
INFO: [ view_parse ] --END-- [ RunTime:0.009001s ]
INFO: [ view_filter ] --START--
INFO: Run Behavior\WriteHtmlCacheBehavior [ RunTime:0.000000s ]
INFO: [ view_filter ] --END-- [ RunTime:0.000000s ]
INFO: [ app_end ] --START--
INFO: Run Behavior\ShowPageTraceBehavior [ RunTime:0.001000s ]
INFO: [ app_end ] --END-- [ RunTime:0.001000s ]

[ 2016-12-17T18:38:09+08:00 ] ::1 /kefuchoujiang/index.php/Home/ShenInsert/ShenInsert
INFO: [ app_init ] --START--
INFO: Run Behavior\BuildLiteBehavior [ RunTime:0.000000s ]
INFO: [ app_init ] --END-- [ RunTime:0.001000s ]
INFO: [ app_begin ] --START--
INFO: Run Behavior\ReadHtmlCacheBehavior [ RunTime:0.001000s ]
INFO: [ app_begin ] --END-- [ RunTime:0.001000s ]
SQL: SHOW COLUMNS FROM `indent` [ RunTime:0.0020s ]
SQL: INSERT INTO `indent` (`user`,`tel`,`prize`,`address`,`combo`,`money`,`status`,`add_time`,`who_upd`,`upd_time`,`url`) VALUES ('0','','无','0','0','0','1','1481971089','0','','http://localhost/ceshichoujiang/') [ RunTime:0.0200s ]
INFO: [ view_parse ] --START--
INFO: [ template_filter ] --START--
INFO: Run Behavior\ContentReplaceBehavior [ RunTime:0.000000s ]
INFO: [ template_filter ] --END-- [ RunTime:0.000000s ]
INFO: Run Behavior\ParseTemplateBehavior [ RunTime:0.008001s ]
INFO: [ view_parse ] --END-- [ RunTime:0.008001s ]
INFO: [ view_filter ] --START--
INFO: Run Behavior\WriteHtmlCacheBehavior [ RunTime:0.001000s ]
INFO: [ view_filter ] --END-- [ RunTime:0.001000s ]
INFO: [ app_end ] --START--
INFO: Run Behavior\ShowPageTraceBehavior [ RunTime:0.002000s ]
INFO: [ app_end ] --END-- [ RunTime:0.002000s ]

[ 2016-12-17T18:38:23+08:00 ] ::1 /kefuchoujiang/index.php/Home/ShenInsert/ShenInsert
INFO: [ app_init ] --START--
INFO: Run Behavior\BuildLiteBehavior [ RunTime:0.000000s ]
INFO: [ app_init ] --END-- [ RunTime:0.001000s ]
INFO: [ app_begin ] --START--
INFO: Run Behavior\ReadHtmlCacheBehavior [ RunTime:0.002000s ]
INFO: [ app_begin ] --END-- [ RunTime:0.002000s ]
SQL: SHOW COLUMNS FROM `indent` [ RunTime:0.0020s ]
SQL: INSERT INTO `indent` (`user`,`tel`,`prize`,`address`,`combo`,`money`,`status`,`add_time`,`who_upd`,`upd_time`,`url`) VALUES ('0','','无','0','0','0','1','1481971103','0','','http://localhost/ceshichoujiang/') [ RunTime:0.0160s ]
INFO: [ view_parse ] --START--
INFO: [ template_filter ] --START--
INFO: Run Behavior\ContentReplaceBehavior [ RunTime:0.000000s ]
INFO: [ template_filter ] --END-- [ RunTime:0.000000s ]
INFO: Run Behavior\ParseTemplateBehavior [ RunTime:0.010000s ]
INFO: [ view_parse ] --END-- [ RunTime:0.010000s ]
INFO: [ view_filter ] --START--
INFO: Run Behavior\WriteHtmlCacheBehavior [ RunTime:0.001001s ]
INFO: [ view_filter ] --END-- [ RunTime:0.001001s ]
INFO: [ app_end ] --START--
INFO: Run Behavior\ShowPageTraceBehavior [ RunTime:0.000000s ]
INFO: [ app_end ] --END-- [ RunTime:0.001000s ]

[ 2016-12-17T18:39:54+08:00 ] ::1 /kefuchoujiang/index.php/Home/ShenInsert/ShenInsert
INFO: [ app_init ] --START--
INFO: Run Behavior\BuildLiteBehavior [ RunTime:0.000000s ]
INFO: [ app_init ] --END-- [ RunTime:0.000000s ]
INFO: [ app_begin ] --START--
INFO: Run Behavior\ReadHtmlCacheBehavior [ RunTime:0.001001s ]
INFO: [ app_begin ] --END-- [ RunTime:0.001001s ]
SQL: SHOW COLUMNS FROM `indent` [ RunTime:0.0020s ]
SQL: INSERT INTO `indent` (`user`,`tel`,`prize`,`address`,`combo`,`money`,`status`,`add_time`,`who_upd`,`upd_time`,`url`) VALUES ('0','','无','0','0','0','1','1481971194','0','','http://localhost/ceshichoujiang/') [ RunTime:0.0270s ]
INFO: [ view_parse ] --START--
INFO: [ template_filter ] --START--
INFO: Run Behavior\ContentReplaceBehavior [ RunTime:0.000000s ]
INFO: [ template_filter ] --END-- [ RunTime:0.000000s ]
INFO: Run Behavior\ParseTemplateBehavior [ RunTime:0.008000s ]
INFO: [ view_parse ] --END-- [ RunTime:0.008000s ]
INFO: [ view_filter ] --START--
INFO: Run Behavior\WriteHtmlCacheBehavior [ RunTime:0.000000s ]
INFO: [ view_filter ] --END-- [ RunTime:0.001000s ]
INFO: [ app_end ] --START--
INFO: Run Behavior\ShowPageTraceBehavior [ RunTime:0.000000s ]
INFO: [ app_end ] --END-- [ RunTime:0.000000s ]

[ 2016-12-17T18:42:35+08:00 ] ::1 /kefuchoujiang/index.php/Home/ShenInsert/ShenInsert
INFO: [ app_init ] --START--
INFO: Run Behavior\BuildLiteBehavior [ RunTime:0.000000s ]
INFO: [ app_init ] --END-- [ RunTime:0.001000s ]
INFO: [ app_begin ] --START--
INFO: Run Behavior\ReadHtmlCacheBehavior [ RunTime:0.001000s ]
INFO: [ app_begin ] --END-- [ RunTime:0.001000s ]
SQL: SHOW COLUMNS FROM `indent` [ RunTime:0.0010s ]
SQL: INSERT INTO `indent` (`user`,`tel`,`prize`,`address`,`combo`,`money`,`status`,`add_time`,`who_upd`,`upd_time`,`url`) VALUES ('0','13231955653','无','0','0','0','1','1481971354','0','','http://localhost/ceshichoujiang/') [ RunTime:0.0090s ]
INFO: [ view_parse ] --START--
INFO: [ template_filter ] --START--
INFO: Run Behavior\ContentReplaceBehavior [ RunTime:0.000000s ]
INFO: [ template_filter ] --END-- [ RunTime:0.000000s ]
INFO: Run Behavior\ParseTemplateBehavior [ RunTime:0.009001s ]
INFO: [ view_parse ] --END-- [ RunTime:0.009001s ]
INFO: [ view_filter ] --START--
INFO: Run Behavior\WriteHtmlCacheBehavior [ RunTime:0.000000s ]
INFO: [ view_filter ] --END-- [ RunTime:0.000000s ]
INFO: [ app_end ] --START--
INFO: Run Behavior\ShowPageTraceBehavior [ RunTime:0.001000s ]
INFO: [ app_end ] --END-- [ RunTime:0.001000s ]

[ 2016-12-17T18:43:40+08:00 ] ::1 /kefuchoujiang/index.php/Home/ShenInsert/ShenInsert
INFO: [ app_init ] --START--
INFO: Run Behavior\BuildLiteBehavior [ RunTime:0.000000s ]
INFO: [ app_init ] --END-- [ RunTime:0.000000s ]
INFO: [ app_begin ] --START--
INFO: Run Behavior\ReadHtmlCacheBehavior [ RunTime:0.000000s ]
INFO: [ app_begin ] --END-- [ RunTime:0.000000s ]
SQL: SHOW COLUMNS FROM `indent` [ RunTime:0.0010s ]
SQL: INSERT INTO `indent` (`user`,`tel`,`prize`,`address`,`combo`,`money`,`status`,`add_time`,`who_upd`,`upd_time`,`url`) VALUES ('0','13231955653','围巾','0','0','0','1','1481971420','0','','http://localhost/ceshichoujiang/') [ RunTime:0.0190s ]
INFO: [ view_parse ] --START--
INFO: [ template_filter ] --START--
INFO: Run Behavior\ContentReplaceBehavior [ RunTime:0.000000s ]
INFO: [ template_filter ] --END-- [ RunTime:0.000000s ]
INFO: Run Behavior\ParseTemplateBehavior [ RunTime:0.008001s ]
INFO: [ view_parse ] --END-- [ RunTime:0.008001s ]
INFO: [ view_filter ] --START--
INFO: Run Behavior\WriteHtmlCacheBehavior [ RunTime:0.000000s ]
INFO: [ view_filter ] --END-- [ RunTime:0.000000s ]
INFO: [ app_end ] --START--
INFO: Run Behavior\ShowPageTraceBehavior [ RunTime:0.001000s ]
INFO: [ app_end ] --END-- [ RunTime:0.001000s ]

[ 2016-12-17T19:11:35+08:00 ] ::1 /kefuchoujiang/
INFO: [ app_init ] --START--
INFO: Run Behavior\BuildLiteBehavior [ RunTime:0.000000s ]
INFO: [ app_init ] --END-- [ RunTime:0.001000s ]
INFO: [ app_begin ] --START--
INFO: Run Behavior\ReadHtmlCacheBehavior [ RunTime:0.001000s ]
INFO: [ app_begin ] --END-- [ RunTime:0.001000s ]
INFO: [ view_parse ] --START--
INFO: [ template_filter ] --START--
INFO: Run Behavior\ContentReplaceBehavior [ RunTime:0.000000s ]
INFO: [ template_filter ] --END-- [ RunTime:0.000000s ]
INFO: Run Behavior\ParseTemplateBehavior [ RunTime:0.006001s ]
INFO: [ view_parse ] --END-- [ RunTime:0.006001s ]
INFO: [ view_filter ] --START--
INFO: Run Behavior\WriteHtmlCacheBehavior [ RunTime:0.001000s ]
INFO: [ view_filter ] --END-- [ RunTime:0.001000s ]
INFO: [ app_end ] --START--
INFO: Run Behavior\ShowPageTraceBehavior [ RunTime:0.000000s ]
INFO: [ app_end ] --END-- [ RunTime:0.000000s ]

[ 2016-12-17T19:11:39+08:00 ] ::1 /kefuchoujiang/index.php/Home/Index/ShenCheck
INFO: [ app_init ] --START--
INFO: Run Behavior\BuildLiteBehavior [ RunTime:0.000000s ]
INFO: [ app_init ] --END-- [ RunTime:0.001000s ]
INFO: [ app_begin ] --START--
INFO: Run Behavior\ReadHtmlCacheBehavior [ RunTime:0.000000s ]
INFO: [ app_begin ] --END-- [ RunTime:0.000000s ]
SQL: SHOW COLUMNS FROM `admin` [ RunTime:0.0300s ]
SQL: SELECT * FROM `admin` WHERE `user` = 'shenshuang' AND `pwd` = '552e190abdbb090600b47727e9e53ab3' LIMIT 1   [ RunTime:0.0480s ]
INFO: [ view_parse ] --START--
INFO: [ template_filter ] --START--
INFO: Run Behavior\ContentReplaceBehavior [ RunTime:0.001000s ]
INFO: [ template_filter ] --END-- [ RunTime:0.001000s ]
INFO: Run Behavior\ParseTemplateBehavior [ RunTime:0.009001s ]
INFO: [ view_parse ] --END-- [ RunTime:0.009001s ]
INFO: [ view_filter ] --START--
INFO: Run Behavior\WriteHtmlCacheBehavior [ RunTime:0.001000s ]
INFO: [ view_filter ] --END-- [ RunTime:0.001000s ]
INFO: [ app_end ] --START--
INFO: Run Behavior\ShowPageTraceBehavior [ RunTime:0.000000s ]
INFO: [ app_end ] --END-- [ RunTime:0.000000s ]

[ 2016-12-17T19:11:41+08:00 ] ::1 /kefuchoujiang/index.php/Home/Index/ShenShow
INFO: [ app_init ] --START--
INFO: Run Behavior\BuildLiteBehavior [ RunTime:0.000000s ]
INFO: [ app_init ] --END-- [ RunTime:0.000000s ]
INFO: [ app_begin ] --START--
INFO: Run Behavior\ReadHtmlCacheBehavior [ RunTime:0.001000s ]
INFO: [ app_begin ] --END-- [ RunTime:0.001000s ]
INFO: [ view_parse ] --START--
INFO: [ template_filter ] --START--
INFO: Run Behavior\ContentReplaceBehavior [ RunTime:0.000000s ]
INFO: [ template_filter ] --END-- [ RunTime:0.000000s ]
NOTIC: [8] Undefined variable: id H:\Apache24\htdocs\kefuchoujiang\Home\Runtime\Cache\Home\6748d867ba9a391e97ce940b65adda61.php 第 24 行.
NOTIC: [8] Undefined variable: name H:\Apache24\htdocs\kefuchoujiang\Home\Runtime\Cache\Home\6748d867ba9a391e97ce940b65adda61.php 第 28 行.
INFO: Run Behavior\ParseTemplateBehavior [ RunTime:0.051003s ]
INFO: [ view_parse ] --END-- [ RunTime:0.051003s ]
INFO: [ view_filter ] --START--
INFO: Run Behavior\WriteHtmlCacheBehavior [ RunTime:0.000000s ]
INFO: [ view_filter ] --END-- [ RunTime:0.000000s ]
INFO: [ app_end ] --START--
INFO: Run Behavior\ShowPageTraceBehavior [ RunTime:0.001000s ]
INFO: [ app_end ] --END-- [ RunTime:0.001000s ]

[ 2016-12-17T19:11:41+08:00 ] ::1 /kefuchoujiang/index.php/Home/ShenShow/ShenDo.html
INFO: [ app_init ] --START--
INFO: Run Behavior\BuildLiteBehavior [ RunTime:0.000000s ]
INFO: [ app_init ] --END-- [ RunTime:0.000000s ]
INFO: [ app_begin ] --START--
INFO: Run Behavior\ReadHtmlCacheBehavior [ RunTime:0.001000s ]
INFO: [ app_begin ] --END-- [ RunTime:0.001000s ]
SQL: SHOW COLUMNS FROM `indent` [ RunTime:0.0010s ]
SQL: SELECT COUNT(*) AS tp_count FROM `indent` WHERE `status` = 2 LIMIT 1   [ RunTime:0.0320s ]
SQL: SELECT * FROM `indent` WHERE `status` = 2 ORDER BY id DESC LIMIT 0,11   [ RunTime:0.0010s ]
SQL: SELECT COUNT(*) AS tp_count FROM `indent` WHERE `status` = 1 LIMIT 1   [ RunTime:0.0100s ]
SQL: SELECT * FROM `indent` WHERE `status` = 1 ORDER BY id DESC LIMIT 0,11   [ RunTime:0.0010s ]
NOTIC: [8] Undefined index: user H:\Apache24\htdocs\kefuchoujiang\Home\Home\Controller\ShenShowController.class.php 第 57 行.
INFO: [ view_parse ] --START--
INFO: [ template_filter ] --START--
INFO: Run Behavior\ContentReplaceBehavior [ RunTime:0.000000s ]
INFO: [ template_filter ] --END-- [ RunTime:0.000000s ]
INFO: Run Behavior\ParseTemplateBehavior [ RunTime:0.012001s ]
INFO: [ view_parse ] --END-- [ RunTime:0.012001s ]
INFO: [ view_filter ] --START--
INFO: Run Behavior\WriteHtmlCacheBehavior [ RunTime:0.000000s ]
INFO: [ view_filter ] --END-- [ RunTime:0.000000s ]
INFO: [ app_end ] --START--
INFO: Run Behavior\ShowPageTraceBehavior [ RunTime:0.001000s ]
INFO: [ app_end ] --END-- [ RunTime:0.001000s ]

[ 2016-12-17T19:11:41+08:00 ] ::1 /kefuchoujiang/index.php/Home/ShenShow/ShenRefresh.html
INFO: [ app_init ] --START--
INFO: Run Behavior\BuildLiteBehavior [ RunTime:0.000000s ]
INFO: [ app_init ] --END-- [ RunTime:0.000000s ]
INFO: [ app_begin ] --START--
INFO: Run Behavior\ReadHtmlCacheBehavior [ RunTime:0.000000s ]
INFO: [ app_begin ] --END-- [ RunTime:0.000000s ]
SQL: SHOW COLUMNS FROM `indent` [ RunTime:0.0010s ]
SQL: SELECT COUNT(*) AS tp_count FROM `indent` WHERE `status` = 1 LIMIT 1   [ RunTime:0.0000s ]
SQL: SELECT * FROM `indent` WHERE `status` = 1 ORDER BY id DESC LIMIT 0,11   [ RunTime:0.0000s ]
NOTIC: [8] Undefined index: user H:\Apache24\htdocs\kefuchoujiang\Home\Home\Controller\ShenShowController.class.php 第 57 行.
INFO: [ view_parse ] --START--
INFO: [ template_filter ] --START--
INFO: Run Behavior\ContentReplaceBehavior [ RunTime:0.000000s ]
INFO: [ template_filter ] --END-- [ RunTime:0.000000s ]
INFO: Run Behavior\ParseTemplateBehavior [ RunTime:0.008001s ]
INFO: [ view_parse ] --END-- [ RunTime:0.008001s ]
INFO: [ view_filter ] --START--
INFO: Run Behavior\WriteHtmlCacheBehavior [ RunTime:0.001000s ]
INFO: [ view_filter ] --END-- [ RunTime:0.001000s ]
INFO: [ app_end ] --START--
INFO: Run Behavior\ShowPageTraceBehavior [ RunTime:0.000000s ]
INFO: [ app_end ] --END-- [ RunTime:0.000000s ]

[ 2016-12-17T19:11:43+08:00 ] ::1 /kefuchoujiang/index.php/Home/ShenExcel/index
INFO: [ app_init ] --START--
INFO: Run Behavior\BuildLiteBehavior [ RunTime:0.000000s ]
INFO: [ app_init ] --END-- [ RunTime:0.001000s ]
INFO: [ app_begin ] --START--
INFO: Run Behavior\ReadHtmlCacheBehavior [ RunTime:0.001000s ]
INFO: [ app_begin ] --END-- [ RunTime:0.001000s ]
INFO: [ view_parse ] --START--
INFO: [ template_filter ] --START--
INFO: Run Behavior\ContentReplaceBehavior [ RunTime:0.000000s ]
INFO: [ template_filter ] --END-- [ RunTime:0.000000s ]
NOTIC: [8] Undefined variable: id H:\Apache24\htdocs\kefuchoujiang\Home\Runtime\Cache\Home\3ef5f05a635a5f4ea26d2a0bc36e2652.php 第 25 行.
NOTIC: [8] Undefined variable: name H:\Apache24\htdocs\kefuchoujiang\Home\Runtime\Cache\Home\3ef5f05a635a5f4ea26d2a0bc36e2652.php 第 29 行.
NOTIC: [8] Undefined variable: info H:\Apache24\htdocs\kefuchoujiang\Home\Runtime\Cache\Home\3ef5f05a635a5f4ea26d2a0bc36e2652.php 第 118 行.
NOTIC: [8] Undefined variable: page H:\Apache24\htdocs\kefuchoujiang\Home\Runtime\Cache\Home\3ef5f05a635a5f4ea26d2a0bc36e2652.php 第 144 行.
INFO: Run Behavior\ParseTemplateBehavior [ RunTime:0.018001s ]
INFO: [ view_parse ] --END-- [ RunTime:0.018001s ]
INFO: [ view_filter ] --START--
INFO: Run Behavior\WriteHtmlCacheBehavior [ RunTime:0.001000s ]
INFO: [ view_filter ] --END-- [ RunTime:0.001000s ]
INFO: [ app_end ] --START--
INFO: Run Behavior\ShowPageTraceBehavior [ RunTime:0.000000s ]
INFO: [ app_end ] --END-- [ RunTime:0.001000s ]

[ 2016-12-17T19:11:46+08:00 ] ::1 /kefuchoujiang/index.php/Home/ShenExcel/ShenCondition?style=2
INFO: [ app_init ] --START--
INFO: Run Behavior\BuildLiteBehavior [ RunTime:0.000000s ]
INFO: [ app_init ] --END-- [ RunTime:0.000000s ]
INFO: [ app_begin ] --START--
INFO: Run Behavior\ReadHtmlCacheBehavior [ RunTime:0.000000s ]
INFO: [ app_begin ] --END-- [ RunTime:0.000000s ]
NOTIC: [8] Undefined index: style H:\Apache24\htdocs\kefuchoujiang\Home\Home\Controller\ShenExcelController.class.php 第 104 行.
SQL: SHOW COLUMNS FROM `indent` [ RunTime:0.0010s ]
SQL: SELECT COUNT(*) AS tp_count FROM `indent` WHERE `status` = 2 LIMIT 1   [ RunTime:0.0000s ]
SQL: SELECT * FROM `indent` WHERE `status` = 2 ORDER BY id DESC LIMIT 0,8   [ RunTime:0.0000s ]
INFO: [ view_parse ] --START--
INFO: [ template_filter ] --START--
INFO: Run Behavior\ContentReplaceBehavior [ RunTime:0.000000s ]
INFO: [ template_filter ] --END-- [ RunTime:0.000000s ]
NOTIC: [8] Undefined variable: id H:\Apache24\htdocs\kefuchoujiang\Home\Runtime\Cache\Home\3ef5f05a635a5f4ea26d2a0bc36e2652.php 第 25 行.
NOTIC: [8] Undefined variable: name H:\Apache24\htdocs\kefuchoujiang\Home\Runtime\Cache\Home\3ef5f05a635a5f4ea26d2a0bc36e2652.php 第 29 行.
INFO: Run Behavior\ParseTemplateBehavior [ RunTime:0.011000s ]
INFO: [ view_parse ] --END-- [ RunTime:0.011000s ]
INFO: [ view_filter ] --START--
INFO: Run Behavior\WriteHtmlCacheBehavior [ RunTime:0.000000s ]
INFO: [ view_filter ] --END-- [ RunTime:0.000000s ]
INFO: [ app_end ] --START--
INFO: Run Behavior\ShowPageTraceBehavior [ RunTime:0.001000s ]
INFO: [ app_end ] --END-- [ RunTime:0.001000s ]

[ 2016-12-17T19:11:47+08:00 ] ::1 /kefuchoujiang/index.php/Home/ShenExcel/ShenCondition?style=9
INFO: [ app_init ] --START--
INFO: Run Behavior\BuildLiteBehavior [ RunTime:0.000000s ]
INFO: [ app_init ] --END-- [ RunTime:0.000000s ]
INFO: [ app_begin ] --START--
INFO: Run Behavior\ReadHtmlCacheBehavior [ RunTime:0.001000s ]
INFO: [ app_begin ] --END-- [ RunTime:0.001000s ]
NOTIC: [8] Undefined index: style H:\Apache24\htdocs\kefuchoujiang\Home\Home\Controller\ShenExcelController.class.php 第 104 行.
SQL: SHOW COLUMNS FROM `indent` [ RunTime:0.0010s ]
SQL: SELECT COUNT(*) AS tp_count FROM `indent` WHERE `status` = 9 LIMIT 1   [ RunTime:0.0000s ]
SQL: SELECT * FROM `indent` WHERE `status` = 9 ORDER BY id DESC LIMIT 0,8   [ RunTime:0.0000s ]
INFO: [ view_parse ] --START--
INFO: [ template_filter ] --START--
INFO: Run Behavior\ContentReplaceBehavior [ RunTime:0.000000s ]
INFO: [ template_filter ] --END-- [ RunTime:0.000000s ]
NOTIC: [8] Undefined variable: id H:\Apache24\htdocs\kefuchoujiang\Home\Runtime\Cache\Home\3ef5f05a635a5f4ea26d2a0bc36e2652.php 第 25 行.
NOTIC: [8] Undefined variable: name H:\Apache24\htdocs\kefuchoujiang\Home\Runtime\Cache\Home\3ef5f05a635a5f4ea26d2a0bc36e2652.php 第 29 行.
INFO: Run Behavior\ParseTemplateBehavior [ RunTime:0.011000s ]
INFO: [ view_parse ] --END-- [ RunTime:0.011000s ]
INFO: [ view_filter ] --START--
INFO: Run Behavior\WriteHtmlCacheBehavior [ RunTime:0.000000s ]
INFO: [ view_filter ] --END-- [ RunTime:0.000000s ]
INFO: [ app_end ] --START--
INFO: Run Behavior\ShowPageTraceBehavior [ RunTime:0.001000s ]
INFO: [ app_end ] --END-- [ RunTime:0.001000s ]

[ 2016-12-17T19:11:48+08:00 ] ::1 /kefuchoujiang/index.php/Home/ShenExcel/ShenCondition?style=1
INFO: [ app_init ] --START--
INFO: Run Behavior\BuildLiteBehavior [ RunTime:0.000000s ]
INFO: [ app_init ] --END-- [ RunTime:0.001000s ]
INFO: [ app_begin ] --START--
INFO: Run Behavior\ReadHtmlCacheBehavior [ RunTime:0.002000s ]
INFO: [ app_begin ] --END-- [ RunTime:0.002000s ]
NOTIC: [8] Undefined index: style H:\Apache24\htdocs\kefuchoujiang\Home\Home\Controller\ShenExcelController.class.php 第 104 行.
SQL: SHOW COLUMNS FROM `indent` [ RunTime:0.0010s ]
SQL: SELECT COUNT(*) AS tp_count FROM `indent` WHERE `status` = 1 LIMIT 1   [ RunTime:0.0000s ]
SQL: SELECT * FROM `indent` WHERE `status` = 1 ORDER BY id DESC LIMIT 0,8   [ RunTime:0.0000s ]
NOTIC: [2] date() expects parameter 2 to be long, string given H:\Apache24\htdocs\kefuchoujiang\Home\Home\Controller\ShenExcelController.class.php 第 255 行.
NOTIC: [2] date() expects parameter 2 to be long, string given H:\Apache24\htdocs\kefuchoujiang\Home\Home\Controller\ShenExcelController.class.php 第 255 行.
NOTIC: [2] date() expects parameter 2 to be long, string given H:\Apache24\htdocs\kefuchoujiang\Home\Home\Controller\ShenExcelController.class.php 第 255 行.
NOTIC: [2] date() expects parameter 2 to be long, string given H:\Apache24\htdocs\kefuchoujiang\Home\Home\Controller\ShenExcelController.class.php 第 255 行.
NOTIC: [2] date() expects parameter 2 to be long, string given H:\Apache24\htdocs\kefuchoujiang\Home\Home\Controller\ShenExcelController.class.php 第 255 行.
NOTIC: [2] date() expects parameter 2 to be long, string given H:\Apache24\htdocs\kefuchoujiang\Home\Home\Controller\ShenExcelController.class.php 第 255 行.
NOTIC: [2] date() expects parameter 2 to be long, string given H:\Apache24\htdocs\kefuchoujiang\Home\Home\Controller\ShenExcelController.class.php 第 255 行.
NOTIC: [2] date() expects parameter 2 to be long, string given H:\Apache24\htdocs\kefuchoujiang\Home\Home\Controller\ShenExcelController.class.php 第 255 行.
INFO: [ view_parse ] --START--
INFO: [ template_filter ] --START--
INFO: Run Behavior\ContentReplaceBehavior [ RunTime:0.000000s ]
INFO: [ template_filter ] --END-- [ RunTime:0.000000s ]
NOTIC: [8] Undefined variable: id H:\Apache24\htdocs\kefuchoujiang\Home\Runtime\Cache\Home\3ef5f05a635a5f4ea26d2a0bc36e2652.php 第 25 行.
NOTIC: [8] Undefined variable: name H:\Apache24\htdocs\kefuchoujiang\Home\Runtime\Cache\Home\3ef5f05a635a5f4ea26d2a0bc36e2652.php 第 29 行.
NOTIC: [8] Undefined index: who_add H:\Apache24\htdocs\kefuchoujiang\Home\Runtime\Cache\Home\3ef5f05a635a5f4ea26d2a0bc36e2652.php 第 132 行.
NOTIC: [8] Undefined index: who_add H:\Apache24\htdocs\kefuchoujiang\Home\Runtime\Cache\Home\3ef5f05a635a5f4ea26d2a0bc36e2652.php 第 132 行.
NOTIC: [8] Undefined index: who_add H:\Apache24\htdocs\kefuchoujiang\Home\Runtime\Cache\Home\3ef5f05a635a5f4ea26d2a0bc36e2652.php 第 132 行.
NOTIC: [8] Undefined index: who_add H:\Apache24\htdocs\kefuchoujiang\Home\Runtime\Cache\Home\3ef5f05a635a5f4ea26d2a0bc36e2652.php 第 132 行.
NOTIC: [8] Undefined index: who_add H:\Apache24\htdocs\kefuchoujiang\Home\Runtime\Cache\Home\3ef5f05a635a5f4ea26d2a0bc36e2652.php 第 132 行.
NOTIC: [8] Undefined index: who_add H:\Apache24\htdocs\kefuchoujiang\Home\Runtime\Cache\Home\3ef5f05a635a5f4ea26d2a0bc36e2652.php 第 132 行.
NOTIC: [8] Undefined index: who_add H:\Apache24\htdocs\kefuchoujiang\Home\Runtime\Cache\Home\3ef5f05a635a5f4ea26d2a0bc36e2652.php 第 132 行.
NOTIC: [8] Undefined index: who_add H:\Apache24\htdocs\kefuchoujiang\Home\Runtime\Cache\Home\3ef5f05a635a5f4ea26d2a0bc36e2652.php 第 132 行.
INFO: Run Behavior\ParseTemplateBehavior [ RunTime:0.021002s ]
INFO: [ view_parse ] --END-- [ RunTime:0.021002s ]
INFO: [ view_filter ] --START--
INFO: Run Behavior\WriteHtmlCacheBehavior [ RunTime:0.001000s ]
INFO: [ view_filter ] --END-- [ RunTime:0.001000s ]
INFO: [ app_end ] --START--
INFO: Run Behavior\ShowPageTraceBehavior [ RunTime:0.001000s ]
INFO: [ app_end ] --END-- [ RunTime:0.002000s ]

[ 2016-12-17T19:11:54+08:00 ] ::1 /kefuchoujiang/index.php/Home/ShenExcel/ShenCondition
INFO: [ app_init ] --START--
INFO: Run Behavior\BuildLiteBehavior [ RunTime:0.000000s ]
INFO: [ app_init ] --END-- [ RunTime:0.000000s ]
INFO: [ app_begin ] --START--
INFO: Run Behavior\ReadHtmlCacheBehavior [ RunTime:0.000000s ]
INFO: [ app_begin ] --END-- [ RunTime:0.000000s ]
SQL: SHOW COLUMNS FROM `indent` [ RunTime:0.0010s ]
SQL: SELECT * FROM `indent` WHERE ( `add_time` > 1480590710 AND `add_time` < 1483096312  ) AND `status` = 1 ORDER BY id DESC  [ RunTime:0.0200s ]
NOTIC: [2] date() expects parameter 2 to be long, string given H:\Apache24\htdocs\kefuchoujiang\Home\Home\Controller\ShenExcelController.class.php 第 40 行.
NOTIC: [2] date() expects parameter 2 to be long, string given H:\Apache24\htdocs\kefuchoujiang\Home\Home\Controller\ShenExcelController.class.php 第 40 行.
NOTIC: [2] date() expects parameter 2 to be long, string given H:\Apache24\htdocs\kefuchoujiang\Home\Home\Controller\ShenExcelController.class.php 第 40 行.
NOTIC: [2] date() expects parameter 2 to be long, string given H:\Apache24\htdocs\kefuchoujiang\Home\Home\Controller\ShenExcelController.class.php 第 40 行.
NOTIC: [2] date() expects parameter 2 to be long, string given H:\Apache24\htdocs\kefuchoujiang\Home\Home\Controller\ShenExcelController.class.php 第 40 行.
NOTIC: [2] date() expects parameter 2 to be long, string given H:\Apache24\htdocs\kefuchoujiang\Home\Home\Controller\ShenExcelController.class.php 第 40 行.
NOTIC: [2] date() expects parameter 2 to be long, string given H:\Apache24\htdocs\kefuchoujiang\Home\Home\Controller\ShenExcelController.class.php 第 40 行.
NOTIC: [2] date() expects parameter 2 to be long, string given H:\Apache24\htdocs\kefuchoujiang\Home\Home\Controller\ShenExcelController.class.php 第 40 行.
NOTIC: [2] date() expects parameter 2 to be long, string given H:\Apache24\htdocs\kefuchoujiang\Home\Home\Controller\ShenExcelController.class.php 第 40 行.
NOTIC: [2] date() expects parameter 2 to be long, string given H:\Apache24\htdocs\kefuchoujiang\Home\Home\Controller\ShenExcelController.class.php 第 40 行.
NOTIC: [2] date() expects parameter 2 to be long, string given H:\Apache24\htdocs\kefuchoujiang\Home\Home\Controller\ShenExcelController.class.php 第 40 行.
NOTIC: [2] date() expects parameter 2 to be long, string given H:\Apache24\htdocs\kefuchoujiang\Home\Home\Controller\ShenExcelController.class.php 第 40 行.
NOTIC: [2] date() expects parameter 2 to be long, string given H:\Apache24\htdocs\kefuchoujiang\Home\Home\Controller\ShenExcelController.class.php 第 40 行.
NOTIC: [2] date() expects parameter 2 to be long, string given H:\Apache24\htdocs\kefuchoujiang\Home\Home\Controller\ShenExcelController.class.php 第 40 行.
NOTIC: [2] date() expects parameter 2 to be long, string given H:\Apache24\htdocs\kefuchoujiang\Home\Home\Controller\ShenExcelController.class.php 第 40 行.
NOTIC: [2] date() expects parameter 2 to be long, string given H:\Apache24\htdocs\kefuchoujiang\Home\Home\Controller\ShenExcelController.class.php 第 40 行.
NOTIC: [2] date() expects parameter 2 to be long, string given H:\Apache24\htdocs\kefuchoujiang\Home\Home\Controller\ShenExcelController.class.php 第 40 行.
NOTIC: [2] date() expects parameter 2 to be long, string given H:\Apache24\htdocs\kefuchoujiang\Home\Home\Controller\ShenExcelController.class.php 第 40 行.
NOTIC: [2] date() expects parameter 2 to be long, string given H:\Apache24\htdocs\kefuchoujiang\Home\Home\Controller\ShenExcelController.class.php 第 40 行.
NOTIC: [2] date() expects parameter 2 to be long, string given H:\Apache24\htdocs\kefuchoujiang\Home\Home\Controller\ShenExcelController.class.php 第 40 行.
NOTIC: [2] date() expects parameter 2 to be long, string given H:\Apache24\htdocs\kefuchoujiang\Home\Home\Controller\ShenExcelController.class.php 第 40 行.
NOTIC: [2] date() expects parameter 2 to be long, string given H:\Apache24\htdocs\kefuchoujiang\Home\Home\Controller\ShenExcelController.class.php 第 40 行.
NOTIC: [2] date() expects parameter 2 to be long, string given H:\Apache24\htdocs\kefuchoujiang\Home\Home\Controller\ShenExcelController.class.php 第 40 行.
NOTIC: [2] date() expects parameter 2 to be long, string given H:\Apache24\htdocs\kefuchoujiang\Home\Home\Controller\ShenExcelController.class.php 第 40 行.
NOTIC: [2] date() expects parameter 2 to be long, string given H:\Apache24\htdocs\kefuchoujiang\Home\Home\Controller\ShenExcelController.class.php 第 40 行.
NOTIC: [2] date() expects parameter 2 to be long, string given H:\Apache24\htdocs\kefuchoujiang\Home\Home\Controller\ShenExcelController.class.php 第 40 行.
NOTIC: [2] date() expects parameter 2 to be long, string given H:\Apache24\htdocs\kefuchoujiang\Home\Home\Controller\ShenExcelController.class.php 第 40 行.
NOTIC: [2] date() expects parameter 2 to be long, string given H:\Apache24\htdocs\kefuchoujiang\Home\Home\Controller\ShenExcelController.class.php 第 40 行.
NOTIC: [2] date() expects parameter 2 to be long, string given H:\Apache24\htdocs\kefuchoujiang\Home\Home\Controller\ShenExcelController.class.php 第 40 行.
NOTIC: [2] date() expects parameter 2 to be long, string given H:\Apache24\htdocs\kefuchoujiang\Home\Home\Controller\ShenExcelController.class.php 第 40 行.
NOTIC: [2] date() expects parameter 2 to be long, string given H:\Apache24\htdocs\kefuchoujiang\Home\Home\Controller\ShenExcelController.class.php 第 40 行.
NOTIC: [2] date() expects parameter 2 to be long, string given H:\Apache24\htdocs\kefuchoujiang\Home\Home\Controller\ShenExcelController.class.php 第 40 行.

[ 2016-12-17T19:12:38+08:00 ] ::1 /kefuchoujiang/index.php/Home/ShenExcel/ShenCondition
INFO: [ app_init ] --START--
INFO: Run Behavior\BuildLiteBehavior [ RunTime:0.000000s ]
INFO: [ app_init ] --END-- [ RunTime:0.001000s ]
INFO: [ app_begin ] --START--
INFO: Run Behavior\ReadHtmlCacheBehavior [ RunTime:0.001000s ]
INFO: [ app_begin ] --END-- [ RunTime:0.001000s ]
SQL: SHOW COLUMNS FROM `indent` [ RunTime:0.0010s ]
SQL: SELECT * FROM `indent` WHERE ( `add_time` > 1480590710 AND `add_time` < 1483096312  ) AND `status` = 1 ORDER BY id DESC  [ RunTime:0.0010s ]
NOTIC: [2] date() expects parameter 2 to be long, string given H:\Apache24\htdocs\kefuchoujiang\Home\Home\Controller\ShenExcelController.class.php 第 40 行.
NOTIC: [2] date() expects parameter 2 to be long, string given H:\Apache24\htdocs\kefuchoujiang\Home\Home\Controller\ShenExcelController.class.php 第 40 行.
NOTIC: [2] date() expects parameter 2 to be long, string given H:\Apache24\htdocs\kefuchoujiang\Home\Home\Controller\ShenExcelController.class.php 第 40 行.
NOTIC: [2] date() expects parameter 2 to be long, string given H:\Apache24\htdocs\kefuchoujiang\Home\Home\Controller\ShenExcelController.class.php 第 40 行.
NOTIC: [2] date() expects parameter 2 to be long, string given H:\Apache24\htdocs\kefuchoujiang\Home\Home\Controller\ShenExcelController.class.php 第 40 行.
NOTIC: [2] date() expects parameter 2 to be long, string given H:\Apache24\htdocs\kefuchoujiang\Home\Home\Controller\ShenExcelController.class.php 第 40 行.
NOTIC: [2] date() expects parameter 2 to be long, string given H:\Apache24\htdocs\kefuchoujiang\Home\Home\Controller\ShenExcelController.class.php 第 40 行.
NOTIC: [2] date() expects parameter 2 to be long, string given H:\Apache24\htdocs\kefuchoujiang\Home\Home\Controller\ShenExcelController.class.php 第 40 行.
NOTIC: [2] date() expects parameter 2 to be long, string given H:\Apache24\htdocs\kefuchoujiang\Home\Home\Controller\ShenExcelController.class.php 第 40 行.
NOTIC: [2] date() expects parameter 2 to be long, string given H:\Apache24\htdocs\kefuchoujiang\Home\Home\Controller\ShenExcelController.class.php 第 40 行.
NOTIC: [2] date() expects parameter 2 to be long, string given H:\Apache24\htdocs\kefuchoujiang\Home\Home\Controller\ShenExcelController.class.php 第 40 行.
NOTIC: [2] date() expects parameter 2 to be long, string given H:\Apache24\htdocs\kefuchoujiang\Home\Home\Controller\ShenExcelController.class.php 第 40 行.
NOTIC: [2] date() expects parameter 2 to be long, string given H:\Apache24\htdocs\kefuchoujiang\Home\Home\Controller\ShenExcelController.class.php 第 40 行.
NOTIC: [2] date() expects parameter 2 to be long, string given H:\Apache24\htdocs\kefuchoujiang\Home\Home\Controller\ShenExcelController.class.php 第 40 行.
NOTIC: [2] date() expects parameter 2 to be long, string given H:\Apache24\htdocs\kefuchoujiang\Home\Home\Controller\ShenExcelController.class.php 第 40 行.
NOTIC: [2] date() expects parameter 2 to be long, string given H:\Apache24\htdocs\kefuchoujiang\Home\Home\Controller\ShenExcelController.class.php 第 40 行.
NOTIC: [2] date() expects parameter 2 to be long, string given H:\Apache24\htdocs\kefuchoujiang\Home\Home\Controller\ShenExcelController.class.php 第 40 行.
NOTIC: [2] date() expects parameter 2 to be long, string given H:\Apache24\htdocs\kefuchoujiang\Home\Home\Controller\ShenExcelController.class.php 第 40 行.
NOTIC: [2] date() expects parameter 2 to be long, string given H:\Apache24\htdocs\kefuchoujiang\Home\Home\Controller\ShenExcelController.class.php 第 40 行.
NOTIC: [2] date() expects parameter 2 to be long, string given H:\Apache24\htdocs\kefuchoujiang\Home\Home\Controller\ShenExcelController.class.php 第 40 行.
NOTIC: [2] date() expects parameter 2 to be long, string given H:\Apache24\htdocs\kefuchoujiang\Home\Home\Controller\ShenExcelController.class.php 第 40 行.
NOTIC: [2] date() expects parameter 2 to be long, string given H:\Apache24\htdocs\kefuchoujiang\Home\Home\Controller\ShenExcelController.class.php 第 40 行.
NOTIC: [2] date() expects parameter 2 to be long, string given H:\Apache24\htdocs\kefuchoujiang\Home\Home\Controller\ShenExcelController.class.php 第 40 行.
NOTIC: [2] date() expects parameter 2 to be long, string given H:\Apache24\htdocs\kefuchoujiang\Home\Home\Controller\ShenExcelController.class.php 第 40 行.
NOTIC: [2] date() expects parameter 2 to be long, string given H:\Apache24\htdocs\kefuchoujiang\Home\Home\Controller\ShenExcelController.class.php 第 40 行.
NOTIC: [2] date() expects parameter 2 to be long, string given H:\Apache24\htdocs\kefuchoujiang\Home\Home\Controller\ShenExcelController.class.php 第 40 行.
NOTIC: [2] date() expects parameter 2 to be long, string given H:\Apache24\htdocs\kefuchoujiang\Home\Home\Controller\ShenExcelController.class.php 第 40 行.
NOTIC: [2] date() expects parameter 2 to be long, string given H:\Apache24\htdocs\kefuchoujiang\Home\Home\Controller\ShenExcelController.class.php 第 40 行.
NOTIC: [2] date() expects parameter 2 to be long, string given H:\Apache24\htdocs\kefuchoujiang\Home\Home\Controller\ShenExcelController.class.php 第 40 行.
NOTIC: [2] date() expects parameter 2 to be long, string given H:\Apache24\htdocs\kefuchoujiang\Home\Home\Controller\ShenExcelController.class.php 第 40 行.
NOTIC: [2] date() expects parameter 2 to be long, string given H:\Apache24\htdocs\kefuchoujiang\Home\Home\Controller\ShenExcelController.class.php 第 40 行.
NOTIC: [2] date() expects parameter 2 to be long, string given H:\Apache24\htdocs\kefuchoujiang\Home\Home\Controller\ShenExcelController.class.php 第 40 行.

