[ 2016-10-09T11:21:25+08:00 ] 115.33.193.214 /index.php/Home/ShenInsert/ShenInsert
ERR: 1364:Field 'upd_time' doesn't have a default value
 [ SQL语句 ] : INSERT INTO `user` (`url`,`user`,`tel`,`time`,`status`,`who_upd`) VALUES ('http://localhost/py2/','','11111','1475983285','0','')
ERR: 1364:Field 'upd_time' doesn't have a default value
 [ SQL语句 ] : INSERT INTO `user` (`url`,`user`,`tel`,`time`,`status`,`who_upd`) VALUES ('http://localhost/py2/','','11111','1475983285','0','')

[ 2016-10-09T11:25:09+08:00 ] 115.33.193.214 /index.php/Home/ShenInsert/ShenInsert
ERR: 1364:Field 'who_upd' doesn't have a default value
 [ SQL语句 ] : INSERT INTO `user` (`url`,`user`,`tel`,`time`,`status`) VALUES ('http://localhost/py2/','','123213','1475983509','0')
ERR: 1364:Field 'who_upd' doesn't have a default value
 [ SQL语句 ] : INSERT INTO `user` (`url`,`user`,`tel`,`time`,`status`) VALUES ('http://localhost/py2/','','123213','1475983509','0')

[ 2016-10-09T11:26:07+08:00 ] 115.33.193.214 /index.php/Home/ShenInsert/ShenInsert
ERR: 1364:Field 'upd_time' doesn't have a default value
 [ SQL语句 ] : INSERT INTO `user` (`url`,`user`,`tel`,`time`,`status`,`who_upd`) VALUES ('http://localhost/py2/','','123213','1475983567','0','')
ERR: 1364:Field 'upd_time' doesn't have a default value
 [ SQL语句 ] : INSERT INTO `user` (`url`,`user`,`tel`,`time`,`status`,`who_upd`) VALUES ('http://localhost/py2/','','123213','1475983567','0','')

[ 2016-10-09T11:26:14+08:00 ] 115.33.193.214 /index.php/Home/ShenInsert/ShenInsert
ERR: 1364:Field 'upd_time' doesn't have a default value
 [ SQL语句 ] : INSERT INTO `user` (`url`,`user`,`tel`,`time`,`status`,`who_upd`) VALUES ('http://localhost/py2/','','123213','1475983574','0','')
ERR: 1364:Field 'upd_time' doesn't have a default value
 [ SQL语句 ] : INSERT INTO `user` (`url`,`user`,`tel`,`time`,`status`,`who_upd`) VALUES ('http://localhost/py2/','','123213','1475983574','0','')

[ 2016-10-09T11:38:11+08:00 ] 115.33.193.214 /index.php/Home/ShenInsert/ShenInsert
ERR: 1048:Column 'url' cannot be null
 [ SQL语句 ] : INSERT INTO `user` (`url`,`user`,`tel`,`time`,`status`,`who_upd`) VALUES (NULL,'','123456','1475984291','0','')
ERR: 1048:Column 'url' cannot be null
 [ SQL语句 ] : INSERT INTO `user` (`url`,`user`,`tel`,`time`,`status`,`who_upd`) VALUES (NULL,'','123456','1475984291','0','')

[ 2016-10-09T14:32:21+08:00 ] 115.33.193.214 /index.php/Home/ShenInsert/ShenInsert
ERR: 1406:Data too long for column 'tel' at row 1
 [ SQL语句 ] : INSERT INTO `user` (`url`,`user`,`tel`,`time`,`status`,`who_upd`) VALUES ('http://www.9kuaipai.com/pyx/','','22222222222222','1475994741','0','')
ERR: 1406:Data too long for column 'tel' at row 1
 [ SQL语句 ] : INSERT INTO `user` (`url`,`user`,`tel`,`time`,`status`,`who_upd`) VALUES ('http://www.9kuaipai.com/pyx/','','22222222222222','1475994741','0','')

[ 2016-10-09T14:35:48+08:00 ] 115.33.193.214 /index.php/Home/ShenInsert/ShenInsert
ERR: 1048:Column 'tel' cannot be null
 [ SQL语句 ] : INSERT INTO `user` (`url`,`user`,`tel`,`time`,`status`,`who_upd`) VALUES ('http://www.9kuaipai.com/pyx/','',NULL,'1475994948','0','')
ERR: 1048:Column 'tel' cannot be null
 [ SQL语句 ] : INSERT INTO `user` (`url`,`user`,`tel`,`time`,`status`,`who_upd`) VALUES ('http://www.9kuaipai.com/pyx/','',NULL,'1475994948','0','')

[ 2016-10-09T14:35:59+08:00 ] 115.33.193.214 /index.php/Home/ShenInsert/ShenInsert
ERR: 1048:Column 'tel' cannot be null
 [ SQL语句 ] : INSERT INTO `user` (`url`,`user`,`tel`,`time`,`status`,`who_upd`) VALUES ('http://www.9kuaipai.com/pyx/','',NULL,'1475994959','0','')
ERR: 1048:Column 'tel' cannot be null
 [ SQL语句 ] : INSERT INTO `user` (`url`,`user`,`tel`,`time`,`status`,`who_upd`) VALUES ('http://www.9kuaipai.com/pyx/','',NULL,'1475994959','0','')

[ 2016-10-09T14:38:55+08:00 ] 180.153.206.20 /index.php/Home/ShenInsert/ShenInsert
ERR: 1048:Column 'tel' cannot be null
 [ SQL语句 ] : INSERT INTO `user` (`url`,`user`,`tel`,`time`,`status`,`who_upd`) VALUES ('http://www.9kuaipai.com/pyx/','',NULL,'1475995135','0','')
ERR: 1048:Column 'tel' cannot be null
 [ SQL语句 ] : INSERT INTO `user` (`url`,`user`,`tel`,`time`,`status`,`who_upd`) VALUES ('http://www.9kuaipai.com/pyx/','',NULL,'1475995135','0','')

[ 2016-10-09T16:09:12+08:00 ] 211.103.82.169 /index.php/Home/ShenInsert/ShenInsert
ERR: 1048:Column 'url' cannot be null
 [ SQL语句 ] : INSERT INTO `user` (`url`,`user`,`tel`,`time`,`status`,`who_upd`) VALUES (NULL,'',NULL,'1476000552','0','')
ERR: 1048:Column 'url' cannot be null
 [ SQL语句 ] : INSERT INTO `user` (`url`,`user`,`tel`,`time`,`status`,`who_upd`) VALUES (NULL,'',NULL,'1476000552','0','')

[ 2016-10-09T16:09:21+08:00 ] 211.103.82.169 /index.php/Home/ShenInsert/ShenInsert
ERR: 1048:Column 'tel' cannot be null
 [ SQL语句 ] : INSERT INTO `user` (`url`,`user`,`tel`,`time`,`status`,`who_upd`) VALUES ('http://www.caifuwanguo.com/index.php/Home/ShenInsert/ShenInsert','',NULL,'1476000561','0','')
ERR: 1048:Column 'tel' cannot be null
 [ SQL语句 ] : INSERT INTO `user` (`url`,`user`,`tel`,`time`,`status`,`who_upd`) VALUES ('http://www.caifuwanguo.com/index.php/Home/ShenInsert/ShenInsert','',NULL,'1476000561','0','')

[ 2016-10-09T16:09:30+08:00 ] 211.103.82.169 /index.php/Home/ShenInsert/ShenInsert
ERR: 1048:Column 'tel' cannot be null
 [ SQL语句 ] : INSERT INTO `user` (`url`,`user`,`tel`,`time`,`status`,`who_upd`) VALUES ('http://www.caifuwanguo.com/index.php/Home/ShenInsert/ShenInsert','',NULL,'1476000570','0','')
ERR: 1048:Column 'tel' cannot be null
 [ SQL语句 ] : INSERT INTO `user` (`url`,`user`,`tel`,`time`,`status`,`who_upd`) VALUES ('http://www.caifuwanguo.com/index.php/Home/ShenInsert/ShenInsert','',NULL,'1476000570','0','')

[ 2016-10-09T16:09:32+08:00 ] 211.103.82.169 /index.php/Home/ShenInsert/ShenInsert
ERR: 1048:Column 'tel' cannot be null
 [ SQL语句 ] : INSERT INTO `user` (`url`,`user`,`tel`,`time`,`status`,`who_upd`) VALUES ('http://www.caifuwanguo.com/index.php/Home/ShenInsert/ShenInsert','',NULL,'1476000572','0','')
ERR: 1048:Column 'tel' cannot be null
 [ SQL语句 ] : INSERT INTO `user` (`url`,`user`,`tel`,`time`,`status`,`who_upd`) VALUES ('http://www.caifuwanguo.com/index.php/Home/ShenInsert/ShenInsert','',NULL,'1476000572','0','')

[ 2016-10-09T16:09:42+08:00 ] 211.103.82.169 /index.php/Home/ShenInsert/ShenInsert
ERR: 1048:Column 'tel' cannot be null
 [ SQL语句 ] : INSERT INTO `user` (`url`,`user`,`tel`,`time`,`status`,`who_upd`) VALUES ('http://www.caifuwanguo.com/index.php/Home/ShenInsert/ShenInsert','',NULL,'1476000582','0','')
ERR: 1048:Column 'tel' cannot be null
 [ SQL语句 ] : INSERT INTO `user` (`url`,`user`,`tel`,`time`,`status`,`who_upd`) VALUES ('http://www.caifuwanguo.com/index.php/Home/ShenInsert/ShenInsert','',NULL,'1476000582','0','')

[ 2016-10-09T16:09:43+08:00 ] 211.103.82.169 /index.php/Home/ShenInsert/ShenInsert
ERR: 1048:Column 'tel' cannot be null
 [ SQL语句 ] : INSERT INTO `user` (`url`,`user`,`tel`,`time`,`status`,`who_upd`) VALUES ('http://www.caifuwanguo.com/index.php/Home/ShenInsert/ShenInsert','',NULL,'1476000583','0','')
ERR: 1048:Column 'tel' cannot be null
 [ SQL语句 ] : INSERT INTO `user` (`url`,`user`,`tel`,`time`,`status`,`who_upd`) VALUES ('http://www.caifuwanguo.com/index.php/Home/ShenInsert/ShenInsert','',NULL,'1476000583','0','')

[ 2016-10-09T16:10:43+08:00 ] 211.103.82.169 /index.php/Home/ShenInsert/ShenInsert
ERR: 1048:Column 'tel' cannot be null
 [ SQL语句 ] : INSERT INTO `user` (`url`,`user`,`tel`,`time`,`status`,`who_upd`) VALUES ('http://www.caifuwanguo.com/index.php/Home/ShenInsert/ShenInsert','',NULL,'1476000643','0','')
ERR: 1048:Column 'tel' cannot be null
 [ SQL语句 ] : INSERT INTO `user` (`url`,`user`,`tel`,`time`,`status`,`who_upd`) VALUES ('http://www.caifuwanguo.com/index.php/Home/ShenInsert/ShenInsert','',NULL,'1476000643','0','')

[ 2016-10-09T16:11:32+08:00 ] 211.103.82.169 /index.php/Home/ShenInsert/ShenInsert
ERR: 1048:Column 'tel' cannot be null
 [ SQL语句 ] : INSERT INTO `user` (`url`,`user`,`tel`,`time`,`status`,`who_upd`) VALUES ('http://www.caifuwanguo.com/index.php/Home/ShenInsert/ShenInsert','',NULL,'1476000692','0','')
ERR: 1048:Column 'tel' cannot be null
 [ SQL语句 ] : INSERT INTO `user` (`url`,`user`,`tel`,`time`,`status`,`who_upd`) VALUES ('http://www.caifuwanguo.com/index.php/Home/ShenInsert/ShenInsert','',NULL,'1476000692','0','')

[ 2016-10-09T17:10:07+08:00 ] 124.64.223.150 /index.php/Home/ShenInsert/ShenInsert
ERR: 1048:Column 'url' cannot be null
 [ SQL语句 ] : INSERT INTO `user` (`url`,`user`,`tel`,`time`,`status`,`who_upd`) VALUES (NULL,'',NULL,'1476004207','0','')
ERR: 1048:Column 'url' cannot be null
 [ SQL语句 ] : INSERT INTO `user` (`url`,`user`,`tel`,`time`,`status`,`who_upd`) VALUES (NULL,'',NULL,'1476004207','0','')

