[ 2016-10-16T16:20:36+08:00 ] ::1 /OfficeDispose/index.php/Home/ShenExcel/ShenCondition?style=8
INFO: [ app_init ] --START--
INFO: Run Behavior\BuildLiteBehavior [ RunTime:0.000000s ]
INFO: [ app_init ] --END-- [ RunTime:0.001000s ]
INFO: [ app_begin ] --START--
INFO: Run Behavior\ReadHtmlCacheBehavior [ RunTime:0.000000s ]
INFO: [ app_begin ] --END-- [ RunTime:0.000000s ]
NOTIC: [8] Undefined index: style H:\Apache24\htdocs\OfficeDispose\Home\Home\Controller\ShenExcelController.class.php 第 111 行.
SQL: SHOW COLUMNS FROM `indent` [ RunTime:0.0010s ]
SQL: SELECT COUNT(*) AS tp_count FROM `indent` WHERE `status` = 8 LIMIT 1   [ RunTime:0.0000s ]
SQL: SELECT * FROM `indent` WHERE `status` = 8 ORDER BY id DESC LIMIT 0,8   [ RunTime:0.0010s ]
INFO: [ view_parse ] --START--
INFO: [ template_filter ] --START--
INFO: Run Behavior\ContentReplaceBehavior [ RunTime:0.000000s ]
INFO: [ template_filter ] --END-- [ RunTime:0.000000s ]
NOTIC: [8] Undefined variable: id H:\Apache24\htdocs\OfficeDispose\Home\Runtime\Cache\Home\3ef5f05a635a5f4ea26d2a0bc36e2652.php 第 25 行.
NOTIC: [8] Undefined variable: name H:\Apache24\htdocs\OfficeDispose\Home\Runtime\Cache\Home\3ef5f05a635a5f4ea26d2a0bc36e2652.php 第 29 行.
NOTIC: [8] Undefined index: who_add H:\Apache24\htdocs\OfficeDispose\Home\Runtime\Cache\Home\3ef5f05a635a5f4ea26d2a0bc36e2652.php 第 132 行.
INFO: Run Behavior\ParseTemplateBehavior [ RunTime:0.011001s ]
INFO: [ view_parse ] --END-- [ RunTime:0.011001s ]
INFO: [ view_filter ] --START--
INFO: Run Behavior\WriteHtmlCacheBehavior [ RunTime:0.001000s ]
INFO: [ view_filter ] --END-- [ RunTime:0.001000s ]
INFO: [ app_end ] --START--
INFO: Run Behavior\ShowPageTraceBehavior [ RunTime:0.001000s ]
INFO: [ app_end ] --END-- [ RunTime:0.001000s ]

[ 2016-10-16T16:20:55+08:00 ] ::1 /OfficeDispose/index.php/Home/ShenExcel/ShenCondition?style=8
INFO: [ app_init ] --START--
INFO: Run Behavior\BuildLiteBehavior [ RunTime:0.000000s ]
INFO: [ app_init ] --END-- [ RunTime:0.001000s ]
INFO: [ app_begin ] --START--
INFO: Run Behavior\ReadHtmlCacheBehavior [ RunTime:0.000000s ]
INFO: [ app_begin ] --END-- [ RunTime:0.000000s ]
NOTIC: [8] Undefined index: style H:\Apache24\htdocs\OfficeDispose\Home\Home\Controller\ShenExcelController.class.php 第 111 行.
SQL: SHOW COLUMNS FROM `indent` [ RunTime:0.0000s ]
SQL: SELECT COUNT(*) AS tp_count FROM `indent` WHERE `status` = 8 LIMIT 1   [ RunTime:0.0000s ]
SQL: SELECT * FROM `indent` WHERE `status` = 8 ORDER BY id DESC LIMIT 0,8   [ RunTime:0.0000s ]
INFO: [ view_parse ] --START--
INFO: [ template_filter ] --START--
INFO: Run Behavior\ContentReplaceBehavior [ RunTime:0.000000s ]
INFO: [ template_filter ] --END-- [ RunTime:0.001001s ]
NOTIC: [8] Undefined variable: id H:\Apache24\htdocs\OfficeDispose\Home\Runtime\Cache\Home\3ef5f05a635a5f4ea26d2a0bc36e2652.php 第 25 行.
NOTIC: [8] Undefined variable: name H:\Apache24\htdocs\OfficeDispose\Home\Runtime\Cache\Home\3ef5f05a635a5f4ea26d2a0bc36e2652.php 第 29 行.
NOTIC: [8] Undefined index: who_add H:\Apache24\htdocs\OfficeDispose\Home\Runtime\Cache\Home\3ef5f05a635a5f4ea26d2a0bc36e2652.php 第 132 行.
INFO: Run Behavior\ParseTemplateBehavior [ RunTime:0.010001s ]
INFO: [ view_parse ] --END-- [ RunTime:0.010001s ]
INFO: [ view_filter ] --START--
INFO: Run Behavior\WriteHtmlCacheBehavior [ RunTime:0.001000s ]
INFO: [ view_filter ] --END-- [ RunTime:0.001000s ]
INFO: [ app_end ] --START--
INFO: Run Behavior\ShowPageTraceBehavior [ RunTime:0.000000s ]
INFO: [ app_end ] --END-- [ RunTime:0.001000s ]

[ 2016-10-16T16:22:09+08:00 ] ::1 /OfficeDispose/index.php/Home/ShenExcel/ShenCondition?style=8
INFO: [ app_init ] --START--
INFO: Run Behavior\BuildLiteBehavior [ RunTime:0.000000s ]
INFO: [ app_init ] --END-- [ RunTime:0.001000s ]
INFO: [ app_begin ] --START--
INFO: Run Behavior\ReadHtmlCacheBehavior [ RunTime:0.001000s ]
INFO: [ app_begin ] --END-- [ RunTime:0.001000s ]
NOTIC: [8] Undefined index: style H:\Apache24\htdocs\OfficeDispose\Home\Home\Controller\ShenExcelController.class.php 第 111 行.
SQL: SHOW COLUMNS FROM `indent` [ RunTime:0.0010s ]
SQL: SELECT COUNT(*) AS tp_count FROM `indent` WHERE `status` = 8 LIMIT 1   [ RunTime:0.0000s ]
SQL: SELECT * FROM `indent` WHERE `status` = 8 ORDER BY id DESC LIMIT 0,8   [ RunTime:0.0000s ]
INFO: [ view_parse ] --START--
INFO: [ template_filter ] --START--
INFO: Run Behavior\ContentReplaceBehavior [ RunTime:0.000000s ]
INFO: [ template_filter ] --END-- [ RunTime:0.000000s ]
NOTIC: [8] Undefined variable: id H:\Apache24\htdocs\OfficeDispose\Home\Runtime\Cache\Home\3ef5f05a635a5f4ea26d2a0bc36e2652.php 第 25 行.
NOTIC: [8] Undefined variable: name H:\Apache24\htdocs\OfficeDispose\Home\Runtime\Cache\Home\3ef5f05a635a5f4ea26d2a0bc36e2652.php 第 29 行.
NOTIC: [8] Undefined index: who_add H:\Apache24\htdocs\OfficeDispose\Home\Runtime\Cache\Home\3ef5f05a635a5f4ea26d2a0bc36e2652.php 第 132 行.
INFO: Run Behavior\ParseTemplateBehavior [ RunTime:0.011000s ]
INFO: [ view_parse ] --END-- [ RunTime:0.011000s ]
INFO: [ view_filter ] --START--
INFO: Run Behavior\WriteHtmlCacheBehavior [ RunTime:0.000000s ]
INFO: [ view_filter ] --END-- [ RunTime:0.000000s ]
INFO: [ app_end ] --START--
INFO: Run Behavior\ShowPageTraceBehavior [ RunTime:0.001000s ]
INFO: [ app_end ] --END-- [ RunTime:0.001000s ]

[ 2016-10-16T16:22:54+08:00 ] ::1 /OfficeDispose/index.php/Home/ShenExcel/ShenCondition?style=8
INFO: [ app_init ] --START--
INFO: Run Behavior\BuildLiteBehavior [ RunTime:0.000000s ]
INFO: [ app_init ] --END-- [ RunTime:0.001000s ]
INFO: [ app_begin ] --START--
INFO: Run Behavior\ReadHtmlCacheBehavior [ RunTime:0.001000s ]
INFO: [ app_begin ] --END-- [ RunTime:0.001000s ]
NOTIC: [8] Undefined index: style H:\Apache24\htdocs\OfficeDispose\Home\Home\Controller\ShenExcelController.class.php 第 111 行.
SQL: SHOW COLUMNS FROM `indent` [ RunTime:0.0010s ]
SQL: SELECT COUNT(*) AS tp_count FROM `indent` WHERE `status` = 8 LIMIT 1   [ RunTime:0.0000s ]
SQL: SELECT * FROM `indent` WHERE `status` = 8 ORDER BY id DESC LIMIT 0,8   [ RunTime:0.0000s ]
INFO: [ view_parse ] --START--
INFO: [ template_filter ] --START--
INFO: Run Behavior\ContentReplaceBehavior [ RunTime:0.000000s ]
INFO: [ template_filter ] --END-- [ RunTime:0.000000s ]
NOTIC: [8] Undefined variable: id H:\Apache24\htdocs\OfficeDispose\Home\Runtime\Cache\Home\3ef5f05a635a5f4ea26d2a0bc36e2652.php 第 25 行.
NOTIC: [8] Undefined variable: name H:\Apache24\htdocs\OfficeDispose\Home\Runtime\Cache\Home\3ef5f05a635a5f4ea26d2a0bc36e2652.php 第 29 行.
NOTIC: [8] Undefined index: who_add H:\Apache24\htdocs\OfficeDispose\Home\Runtime\Cache\Home\3ef5f05a635a5f4ea26d2a0bc36e2652.php 第 132 行.
INFO: Run Behavior\ParseTemplateBehavior [ RunTime:0.011001s ]
INFO: [ view_parse ] --END-- [ RunTime:0.011001s ]
INFO: [ view_filter ] --START--
INFO: Run Behavior\WriteHtmlCacheBehavior [ RunTime:0.001000s ]
INFO: [ view_filter ] --END-- [ RunTime:0.001000s ]
INFO: [ app_end ] --START--
INFO: Run Behavior\ShowPageTraceBehavior [ RunTime:0.001000s ]
INFO: [ app_end ] --END-- [ RunTime:0.001000s ]

[ 2016-10-16T16:23:03+08:00 ] ::1 /OfficeDispose/index.php/Home/ShenExcel/ShenCondition?style=8
INFO: [ app_init ] --START--
INFO: Run Behavior\BuildLiteBehavior [ RunTime:0.000000s ]
INFO: [ app_init ] --END-- [ RunTime:0.000000s ]
INFO: [ app_begin ] --START--
INFO: Run Behavior\ReadHtmlCacheBehavior [ RunTime:0.001000s ]
INFO: [ app_begin ] --END-- [ RunTime:0.001000s ]
NOTIC: [8] Undefined index: style H:\Apache24\htdocs\OfficeDispose\Home\Home\Controller\ShenExcelController.class.php 第 111 行.
SQL: SHOW COLUMNS FROM `indent` [ RunTime:0.0010s ]
SQL: SELECT COUNT(*) AS tp_count FROM `indent` WHERE `status` = 8 LIMIT 1   [ RunTime:0.0000s ]
SQL: SELECT * FROM `indent` WHERE `status` = 8 ORDER BY id DESC LIMIT 0,8   [ RunTime:0.0010s ]
INFO: [ view_parse ] --START--
INFO: [ template_filter ] --START--
INFO: Run Behavior\ContentReplaceBehavior [ RunTime:0.001001s ]
INFO: [ template_filter ] --END-- [ RunTime:0.001001s ]
NOTIC: [8] Undefined variable: id H:\Apache24\htdocs\OfficeDispose\Home\Runtime\Cache\Home\3ef5f05a635a5f4ea26d2a0bc36e2652.php 第 25 行.
NOTIC: [8] Undefined variable: name H:\Apache24\htdocs\OfficeDispose\Home\Runtime\Cache\Home\3ef5f05a635a5f4ea26d2a0bc36e2652.php 第 29 行.
NOTIC: [8] Undefined index: who_add H:\Apache24\htdocs\OfficeDispose\Home\Runtime\Cache\Home\3ef5f05a635a5f4ea26d2a0bc36e2652.php 第 132 行.
INFO: Run Behavior\ParseTemplateBehavior [ RunTime:0.011001s ]
INFO: [ view_parse ] --END-- [ RunTime:0.011001s ]
INFO: [ view_filter ] --START--
INFO: Run Behavior\WriteHtmlCacheBehavior [ RunTime:0.001000s ]
INFO: [ view_filter ] --END-- [ RunTime:0.001000s ]
INFO: [ app_end ] --START--
INFO: Run Behavior\ShowPageTraceBehavior [ RunTime:0.001000s ]
INFO: [ app_end ] --END-- [ RunTime:0.001000s ]

[ 2016-10-16T16:23:06+08:00 ] ::1 /OfficeDispose/index.php/Home/ShenExcel/ShenCondition?style=1
INFO: [ app_init ] --START--
INFO: Run Behavior\BuildLiteBehavior [ RunTime:0.001000s ]
INFO: [ app_init ] --END-- [ RunTime:0.001000s ]
INFO: [ app_begin ] --START--
INFO: Run Behavior\ReadHtmlCacheBehavior [ RunTime:0.001000s ]
INFO: [ app_begin ] --END-- [ RunTime:0.001000s ]
NOTIC: [8] Undefined index: style H:\Apache24\htdocs\OfficeDispose\Home\Home\Controller\ShenExcelController.class.php 第 111 行.
SQL: SHOW COLUMNS FROM `indent` [ RunTime:0.0010s ]
SQL: SELECT COUNT(*) AS tp_count FROM `indent` WHERE `status` = 1 LIMIT 1   [ RunTime:0.0000s ]
SQL: SELECT * FROM `indent` WHERE `status` = 1 ORDER BY id DESC LIMIT 0,8   [ RunTime:0.0000s ]
INFO: [ view_parse ] --START--
INFO: [ template_filter ] --START--
INFO: Run Behavior\ContentReplaceBehavior [ RunTime:0.000000s ]
INFO: [ template_filter ] --END-- [ RunTime:0.000000s ]
NOTIC: [8] Undefined variable: id H:\Apache24\htdocs\OfficeDispose\Home\Runtime\Cache\Home\3ef5f05a635a5f4ea26d2a0bc36e2652.php 第 25 行.
NOTIC: [8] Undefined variable: name H:\Apache24\htdocs\OfficeDispose\Home\Runtime\Cache\Home\3ef5f05a635a5f4ea26d2a0bc36e2652.php 第 29 行.
NOTIC: [8] Undefined index: who_add H:\Apache24\htdocs\OfficeDispose\Home\Runtime\Cache\Home\3ef5f05a635a5f4ea26d2a0bc36e2652.php 第 132 行.
INFO: Run Behavior\ParseTemplateBehavior [ RunTime:0.011000s ]
INFO: [ view_parse ] --END-- [ RunTime:0.011000s ]
INFO: [ view_filter ] --START--
INFO: Run Behavior\WriteHtmlCacheBehavior [ RunTime:0.001000s ]
INFO: [ view_filter ] --END-- [ RunTime:0.001000s ]
INFO: [ app_end ] --START--
INFO: Run Behavior\ShowPageTraceBehavior [ RunTime:0.000000s ]
INFO: [ app_end ] --END-- [ RunTime:0.000000s ]

[ 2016-10-16T16:23:49+08:00 ] ::1 /OfficeDispose/index.php/Home/ShenExcel/ShenCondition
INFO: [ app_init ] --START--
INFO: Run Behavior\BuildLiteBehavior [ RunTime:0.001000s ]
INFO: [ app_init ] --END-- [ RunTime:0.001000s ]
INFO: [ app_begin ] --START--
INFO: Run Behavior\ReadHtmlCacheBehavior [ RunTime:0.001000s ]
INFO: [ app_begin ] --END-- [ RunTime:0.001000s ]
SQL: SHOW COLUMNS FROM `indent` [ RunTime:0.0010s ]
NOTIC: [8] Undefined index: style H:\Apache24\htdocs\OfficeDispose\Home\Home\Controller\ShenExcelController.class.php 第 146 行.
NOTIC: [8] Undefined index: style H:\Apache24\htdocs\OfficeDispose\Home\Home\Controller\ShenExcelController.class.php 第 170 行.
NOTIC: [8] Undefined index: style H:\Apache24\htdocs\OfficeDispose\Home\Home\Controller\ShenExcelController.class.php 第 194 行.
SQL: SELECT COUNT(*) AS tp_count FROM `indent` WHERE ( `add_time` > 1475483023 AND `add_time` < 1476951826  ) AND `status` = 1 LIMIT 1   [ RunTime:0.0000s ]
SQL: SELECT * FROM `indent` WHERE ( `add_time` > 1475483023 AND `add_time` < 1476951826  ) AND `status` = 1 ORDER BY id DESC LIMIT 0,8   [ RunTime:0.0010s ]
INFO: [ view_parse ] --START--
INFO: [ template_filter ] --START--
INFO: Run Behavior\ContentReplaceBehavior [ RunTime:0.000000s ]
INFO: [ template_filter ] --END-- [ RunTime:0.000000s ]
NOTIC: [8] Undefined variable: id H:\Apache24\htdocs\OfficeDispose\Home\Runtime\Cache\Home\3ef5f05a635a5f4ea26d2a0bc36e2652.php 第 25 行.
NOTIC: [8] Undefined variable: name H:\Apache24\htdocs\OfficeDispose\Home\Runtime\Cache\Home\3ef5f05a635a5f4ea26d2a0bc36e2652.php 第 29 行.
NOTIC: [8] Undefined index: who_add H:\Apache24\htdocs\OfficeDispose\Home\Runtime\Cache\Home\3ef5f05a635a5f4ea26d2a0bc36e2652.php 第 132 行.
INFO: Run Behavior\ParseTemplateBehavior [ RunTime:0.011001s ]
INFO: [ view_parse ] --END-- [ RunTime:0.011001s ]
INFO: [ view_filter ] --START--
INFO: Run Behavior\WriteHtmlCacheBehavior [ RunTime:0.001000s ]
INFO: [ view_filter ] --END-- [ RunTime:0.001000s ]
INFO: [ app_end ] --START--
INFO: Run Behavior\ShowPageTraceBehavior [ RunTime:0.001000s ]
INFO: [ app_end ] --END-- [ RunTime:0.001000s ]

[ 2016-10-16T16:23:58+08:00 ] ::1 /OfficeDispose/index.php/Home/ShenExcel/ShenCondition
INFO: [ app_init ] --START--
INFO: Run Behavior\BuildLiteBehavior [ RunTime:0.000000s ]
INFO: [ app_init ] --END-- [ RunTime:0.000000s ]
INFO: [ app_begin ] --START--
INFO: Run Behavior\ReadHtmlCacheBehavior [ RunTime:0.000000s ]
INFO: [ app_begin ] --END-- [ RunTime:0.000000s ]
SQL: SHOW COLUMNS FROM `indent` [ RunTime:0.0010s ]
SQL: SELECT * FROM `indent` WHERE ( `add_time` > 1475481693 AND `add_time` < 1476971389  ) AND `status` = 1 ORDER BY id DESC  [ RunTime:0.0010s ]

[ 2016-10-16T16:24:38+08:00 ] ::1 /OfficeDispose/index.php/Home/ShenExcel/ShenCondition
INFO: [ app_init ] --START--
INFO: Run Behavior\BuildLiteBehavior [ RunTime:0.000000s ]
INFO: [ app_init ] --END-- [ RunTime:0.000000s ]
INFO: [ app_begin ] --START--
INFO: Run Behavior\ReadHtmlCacheBehavior [ RunTime:0.000000s ]
INFO: [ app_begin ] --END-- [ RunTime:0.000000s ]
SQL: SHOW COLUMNS FROM `indent` [ RunTime:0.0010s ]
SQL: SELECT * FROM `indent` WHERE ( `add_time` > 1475481693 AND `add_time` < 1476971389  ) AND `status` = 1 ORDER BY id DESC  [ RunTime:0.0000s ]

[ 2016-10-16T16:25:40+08:00 ] ::1 /OfficeDispose/index.php/Home/Index/ShenShow
INFO: [ app_init ] --START--
INFO: Run Behavior\BuildLiteBehavior [ RunTime:0.000000s ]
INFO: [ app_init ] --END-- [ RunTime:0.000000s ]
INFO: [ app_begin ] --START--
INFO: Run Behavior\ReadHtmlCacheBehavior [ RunTime:0.001000s ]
INFO: [ app_begin ] --END-- [ RunTime:0.001000s ]
INFO: [ view_parse ] --START--
INFO: [ template_filter ] --START--
INFO: Run Behavior\ContentReplaceBehavior [ RunTime:0.000000s ]
INFO: [ template_filter ] --END-- [ RunTime:0.000000s ]
NOTIC: [8] Undefined variable: id H:\Apache24\htdocs\OfficeDispose\Home\Runtime\Cache\Home\6748d867ba9a391e97ce940b65adda61.php 第 24 行.
NOTIC: [8] Undefined variable: name H:\Apache24\htdocs\OfficeDispose\Home\Runtime\Cache\Home\6748d867ba9a391e97ce940b65adda61.php 第 28 行.
INFO: Run Behavior\ParseTemplateBehavior [ RunTime:0.009000s ]
INFO: [ view_parse ] --END-- [ RunTime:0.011000s ]
INFO: [ view_filter ] --START--
INFO: Run Behavior\WriteHtmlCacheBehavior [ RunTime:0.000000s ]
INFO: [ view_filter ] --END-- [ RunTime:0.000000s ]
INFO: [ app_end ] --START--
INFO: Run Behavior\ShowPageTraceBehavior [ RunTime:0.001000s ]
INFO: [ app_end ] --END-- [ RunTime:0.001000s ]

[ 2016-10-16T16:25:40+08:00 ] ::1 /OfficeDispose/index.php/Home/ShenShow/ShenRefresh.html
INFO: [ app_init ] --START--
INFO: Run Behavior\BuildLiteBehavior [ RunTime:0.000000s ]
INFO: [ app_init ] --END-- [ RunTime:0.000000s ]
INFO: [ app_begin ] --START--
INFO: Run Behavior\ReadHtmlCacheBehavior [ RunTime:0.000000s ]
INFO: [ app_begin ] --END-- [ RunTime:0.000000s ]
SQL: SHOW COLUMNS FROM `indent` [ RunTime:0.0010s ]
SQL: SELECT COUNT(*) AS tp_count FROM `indent` WHERE `status` = 1 LIMIT 1   [ RunTime:0.0000s ]
SQL: SELECT * FROM `indent` WHERE `status` = 1 ORDER BY id DESC LIMIT 0,11   [ RunTime:0.0000s ]
NOTIC: [8] Undefined index: user H:\Apache24\htdocs\OfficeDispose\Home\Home\Controller\ShenShowController.class.php 第 57 行.
INFO: [ view_parse ] --START--
INFO: [ template_filter ] --START--
INFO: Run Behavior\ContentReplaceBehavior [ RunTime:0.000000s ]
INFO: [ template_filter ] --END-- [ RunTime:0.000000s ]
INFO: Run Behavior\ParseTemplateBehavior [ RunTime:0.008000s ]
INFO: [ view_parse ] --END-- [ RunTime:0.008000s ]
INFO: [ view_filter ] --START--
INFO: Run Behavior\WriteHtmlCacheBehavior [ RunTime:0.001001s ]
INFO: [ view_filter ] --END-- [ RunTime:0.001001s ]
INFO: [ app_end ] --START--
INFO: Run Behavior\ShowPageTraceBehavior [ RunTime:0.001000s ]
INFO: [ app_end ] --END-- [ RunTime:0.001000s ]

[ 2016-10-16T16:25:40+08:00 ] ::1 /OfficeDispose/index.php/Home/ShenShow/ShenDo.html
INFO: [ app_init ] --START--
INFO: Run Behavior\BuildLiteBehavior [ RunTime:0.000000s ]
INFO: [ app_init ] --END-- [ RunTime:0.001000s ]
INFO: [ app_begin ] --START--
INFO: Run Behavior\ReadHtmlCacheBehavior [ RunTime:0.000000s ]
INFO: [ app_begin ] --END-- [ RunTime:0.000000s ]
SQL: SHOW COLUMNS FROM `indent` [ RunTime:0.0010s ]
SQL: SELECT COUNT(*) AS tp_count FROM `indent` WHERE `status` = 2 LIMIT 1   [ RunTime:0.0000s ]
SQL: SELECT * FROM `indent` WHERE `status` = 2 ORDER BY id DESC LIMIT 0,11   [ RunTime:0.0000s ]
SQL: SELECT COUNT(*) AS tp_count FROM `indent` WHERE `status` = 1 LIMIT 1   [ RunTime:0.0010s ]
SQL: SELECT * FROM `indent` WHERE `status` = 1 ORDER BY id DESC LIMIT 0,11   [ RunTime:0.0010s ]
NOTIC: [8] Undefined index: user H:\Apache24\htdocs\OfficeDispose\Home\Home\Controller\ShenShowController.class.php 第 57 行.
INFO: [ view_parse ] --START--
INFO: [ template_filter ] --START--
INFO: Run Behavior\ContentReplaceBehavior [ RunTime:0.000000s ]
INFO: [ template_filter ] --END-- [ RunTime:0.000000s ]
INFO: Run Behavior\ParseTemplateBehavior [ RunTime:0.011000s ]
INFO: [ view_parse ] --END-- [ RunTime:0.011000s ]
INFO: [ view_filter ] --START--
INFO: Run Behavior\WriteHtmlCacheBehavior [ RunTime:0.000000s ]
INFO: [ view_filter ] --END-- [ RunTime:0.000000s ]
INFO: [ app_end ] --START--
INFO: Run Behavior\ShowPageTraceBehavior [ RunTime:0.001000s ]
INFO: [ app_end ] --END-- [ RunTime:0.001000s ]

[ 2016-10-16T16:25:42+08:00 ] ::1 /OfficeDispose/index.php/Home/ShenExcel/index
INFO: [ app_init ] --START--
INFO: Run Behavior\BuildLiteBehavior [ RunTime:0.000000s ]
INFO: [ app_init ] --END-- [ RunTime:0.001000s ]
INFO: [ app_begin ] --START--
INFO: Run Behavior\ReadHtmlCacheBehavior [ RunTime:0.000000s ]
INFO: [ app_begin ] --END-- [ RunTime:0.000000s ]
INFO: [ view_parse ] --START--
INFO: [ template_filter ] --START--
INFO: Run Behavior\ContentReplaceBehavior [ RunTime:0.000000s ]
INFO: [ template_filter ] --END-- [ RunTime:0.000000s ]
NOTIC: [8] Undefined variable: id H:\Apache24\htdocs\OfficeDispose\Home\Runtime\Cache\Home\3ef5f05a635a5f4ea26d2a0bc36e2652.php 第 25 行.
NOTIC: [8] Undefined variable: name H:\Apache24\htdocs\OfficeDispose\Home\Runtime\Cache\Home\3ef5f05a635a5f4ea26d2a0bc36e2652.php 第 29 行.
NOTIC: [8] Undefined variable: info H:\Apache24\htdocs\OfficeDispose\Home\Runtime\Cache\Home\3ef5f05a635a5f4ea26d2a0bc36e2652.php 第 118 行.
NOTIC: [8] Undefined variable: page H:\Apache24\htdocs\OfficeDispose\Home\Runtime\Cache\Home\3ef5f05a635a5f4ea26d2a0bc36e2652.php 第 144 行.
INFO: Run Behavior\ParseTemplateBehavior [ RunTime:0.010000s ]
INFO: [ view_parse ] --END-- [ RunTime:0.010000s ]
INFO: [ view_filter ] --START--
INFO: Run Behavior\WriteHtmlCacheBehavior [ RunTime:0.000000s ]
INFO: [ view_filter ] --END-- [ RunTime:0.000000s ]
INFO: [ app_end ] --START--
INFO: Run Behavior\ShowPageTraceBehavior [ RunTime:0.001001s ]
INFO: [ app_end ] --END-- [ RunTime:0.001001s ]

[ 2016-10-16T16:25:43+08:00 ] ::1 /OfficeDispose/index.php/Home/ShenExcel/ShenCondition?style=1
INFO: [ app_init ] --START--
INFO: Run Behavior\BuildLiteBehavior [ RunTime:0.000000s ]
INFO: [ app_init ] --END-- [ RunTime:0.001000s ]
INFO: [ app_begin ] --START--
INFO: Run Behavior\ReadHtmlCacheBehavior [ RunTime:0.000000s ]
INFO: [ app_begin ] --END-- [ RunTime:0.000000s ]
NOTIC: [8] Undefined index: style H:\Apache24\htdocs\OfficeDispose\Home\Home\Controller\ShenExcelController.class.php 第 111 行.
SQL: SHOW COLUMNS FROM `indent` [ RunTime:0.0010s ]
SQL: SELECT COUNT(*) AS tp_count FROM `indent` WHERE `status` = 1 LIMIT 1   [ RunTime:0.0010s ]
SQL: SELECT * FROM `indent` WHERE `status` = 1 ORDER BY id DESC LIMIT 0,8   [ RunTime:0.0010s ]
INFO: [ view_parse ] --START--
INFO: [ template_filter ] --START--
INFO: Run Behavior\ContentReplaceBehavior [ RunTime:0.000000s ]
INFO: [ template_filter ] --END-- [ RunTime:0.000000s ]
NOTIC: [8] Undefined variable: id H:\Apache24\htdocs\OfficeDispose\Home\Runtime\Cache\Home\3ef5f05a635a5f4ea26d2a0bc36e2652.php 第 25 行.
NOTIC: [8] Undefined variable: name H:\Apache24\htdocs\OfficeDispose\Home\Runtime\Cache\Home\3ef5f05a635a5f4ea26d2a0bc36e2652.php 第 29 行.
NOTIC: [8] Undefined index: who_add H:\Apache24\htdocs\OfficeDispose\Home\Runtime\Cache\Home\3ef5f05a635a5f4ea26d2a0bc36e2652.php 第 132 行.
INFO: Run Behavior\ParseTemplateBehavior [ RunTime:0.011000s ]
INFO: [ view_parse ] --END-- [ RunTime:0.011000s ]
INFO: [ view_filter ] --START--
INFO: Run Behavior\WriteHtmlCacheBehavior [ RunTime:0.000000s ]
INFO: [ view_filter ] --END-- [ RunTime:0.000000s ]
INFO: [ app_end ] --START--
INFO: Run Behavior\ShowPageTraceBehavior [ RunTime:0.001000s ]
INFO: [ app_end ] --END-- [ RunTime:0.001000s ]

[ 2016-10-16T16:25:44+08:00 ] ::1 /OfficeDispose/index.php/Home/ShenExcel/ShenCondition?style=9
INFO: [ app_init ] --START--
INFO: Run Behavior\BuildLiteBehavior [ RunTime:0.000000s ]
INFO: [ app_init ] --END-- [ RunTime:0.000000s ]
INFO: [ app_begin ] --START--
INFO: Run Behavior\ReadHtmlCacheBehavior [ RunTime:0.000000s ]
INFO: [ app_begin ] --END-- [ RunTime:0.000000s ]
NOTIC: [8] Undefined index: style H:\Apache24\htdocs\OfficeDispose\Home\Home\Controller\ShenExcelController.class.php 第 111 行.
SQL: SHOW COLUMNS FROM `indent` [ RunTime:0.0000s ]
SQL: SELECT COUNT(*) AS tp_count FROM `indent` WHERE `status` = 9 LIMIT 1   [ RunTime:0.0000s ]
SQL: SELECT * FROM `indent` WHERE `status` = 9 ORDER BY id DESC LIMIT 0,8   [ RunTime:0.0000s ]
INFO: [ view_parse ] --START--
INFO: [ template_filter ] --START--
INFO: Run Behavior\ContentReplaceBehavior [ RunTime:0.000000s ]
INFO: [ template_filter ] --END-- [ RunTime:0.000000s ]
NOTIC: [8] Undefined variable: id H:\Apache24\htdocs\OfficeDispose\Home\Runtime\Cache\Home\3ef5f05a635a5f4ea26d2a0bc36e2652.php 第 25 行.
NOTIC: [8] Undefined variable: name H:\Apache24\htdocs\OfficeDispose\Home\Runtime\Cache\Home\3ef5f05a635a5f4ea26d2a0bc36e2652.php 第 29 行.
NOTIC: [8] Undefined index: who_add H:\Apache24\htdocs\OfficeDispose\Home\Runtime\Cache\Home\3ef5f05a635a5f4ea26d2a0bc36e2652.php 第 132 行.
INFO: Run Behavior\ParseTemplateBehavior [ RunTime:0.011000s ]
INFO: [ view_parse ] --END-- [ RunTime:0.011000s ]
INFO: [ view_filter ] --START--
INFO: Run Behavior\WriteHtmlCacheBehavior [ RunTime:0.000000s ]
INFO: [ view_filter ] --END-- [ RunTime:0.000000s ]
INFO: [ app_end ] --START--
INFO: Run Behavior\ShowPageTraceBehavior [ RunTime:0.001001s ]
INFO: [ app_end ] --END-- [ RunTime:0.001001s ]

[ 2016-10-16T16:25:45+08:00 ] ::1 /OfficeDispose/index.php/Home/ShenExcel/ShenCondition?style=2
INFO: [ app_init ] --START--
INFO: Run Behavior\BuildLiteBehavior [ RunTime:0.000000s ]
INFO: [ app_init ] --END-- [ RunTime:0.000000s ]
INFO: [ app_begin ] --START--
INFO: Run Behavior\ReadHtmlCacheBehavior [ RunTime:0.001001s ]
INFO: [ app_begin ] --END-- [ RunTime:0.001001s ]
NOTIC: [8] Undefined index: style H:\Apache24\htdocs\OfficeDispose\Home\Home\Controller\ShenExcelController.class.php 第 111 行.
SQL: SHOW COLUMNS FROM `indent` [ RunTime:0.0010s ]
SQL: SELECT COUNT(*) AS tp_count FROM `indent` WHERE `status` = 2 LIMIT 1   [ RunTime:0.0000s ]
SQL: SELECT * FROM `indent` WHERE `status` = 2 ORDER BY id DESC LIMIT 0,8   [ RunTime:0.0000s ]
INFO: [ view_parse ] --START--
INFO: [ template_filter ] --START--
INFO: Run Behavior\ContentReplaceBehavior [ RunTime:0.000000s ]
INFO: [ template_filter ] --END-- [ RunTime:0.000000s ]
NOTIC: [8] Undefined variable: id H:\Apache24\htdocs\OfficeDispose\Home\Runtime\Cache\Home\3ef5f05a635a5f4ea26d2a0bc36e2652.php 第 25 行.
NOTIC: [8] Undefined variable: name H:\Apache24\htdocs\OfficeDispose\Home\Runtime\Cache\Home\3ef5f05a635a5f4ea26d2a0bc36e2652.php 第 29 行.
NOTIC: [8] Undefined index: who_add H:\Apache24\htdocs\OfficeDispose\Home\Runtime\Cache\Home\3ef5f05a635a5f4ea26d2a0bc36e2652.php 第 132 行.
INFO: Run Behavior\ParseTemplateBehavior [ RunTime:0.013001s ]
INFO: [ view_parse ] --END-- [ RunTime:0.013001s ]
INFO: [ view_filter ] --START--
INFO: Run Behavior\WriteHtmlCacheBehavior [ RunTime:0.000000s ]
INFO: [ view_filter ] --END-- [ RunTime:0.000000s ]
INFO: [ app_end ] --START--
INFO: Run Behavior\ShowPageTraceBehavior [ RunTime:0.001000s ]
INFO: [ app_end ] --END-- [ RunTime:0.001000s ]

[ 2016-10-16T16:25:46+08:00 ] ::1 /OfficeDispose/index.php/Home/ShenExcel/ShenCondition?style=9
INFO: [ app_init ] --START--
INFO: Run Behavior\BuildLiteBehavior [ RunTime:0.000000s ]
INFO: [ app_init ] --END-- [ RunTime:0.001000s ]
INFO: [ app_begin ] --START--
INFO: Run Behavior\ReadHtmlCacheBehavior [ RunTime:0.000000s ]
INFO: [ app_begin ] --END-- [ RunTime:0.000000s ]
NOTIC: [8] Undefined index: style H:\Apache24\htdocs\OfficeDispose\Home\Home\Controller\ShenExcelController.class.php 第 111 行.
SQL: SHOW COLUMNS FROM `indent` [ RunTime:0.0010s ]
SQL: SELECT COUNT(*) AS tp_count FROM `indent` WHERE `status` = 9 LIMIT 1   [ RunTime:0.0000s ]
SQL: SELECT * FROM `indent` WHERE `status` = 9 ORDER BY id DESC LIMIT 0,8   [ RunTime:0.0000s ]
INFO: [ view_parse ] --START--
INFO: [ template_filter ] --START--
INFO: Run Behavior\ContentReplaceBehavior [ RunTime:0.001000s ]
INFO: [ template_filter ] --END-- [ RunTime:0.001000s ]
NOTIC: [8] Undefined variable: id H:\Apache24\htdocs\OfficeDispose\Home\Runtime\Cache\Home\3ef5f05a635a5f4ea26d2a0bc36e2652.php 第 25 行.
NOTIC: [8] Undefined variable: name H:\Apache24\htdocs\OfficeDispose\Home\Runtime\Cache\Home\3ef5f05a635a5f4ea26d2a0bc36e2652.php 第 29 行.
NOTIC: [8] Undefined index: who_add H:\Apache24\htdocs\OfficeDispose\Home\Runtime\Cache\Home\3ef5f05a635a5f4ea26d2a0bc36e2652.php 第 132 行.
INFO: Run Behavior\ParseTemplateBehavior [ RunTime:0.010001s ]
INFO: [ view_parse ] --END-- [ RunTime:0.010001s ]
INFO: [ view_filter ] --START--
INFO: Run Behavior\WriteHtmlCacheBehavior [ RunTime:0.001000s ]
INFO: [ view_filter ] --END-- [ RunTime:0.001000s ]
INFO: [ app_end ] --START--
INFO: Run Behavior\ShowPageTraceBehavior [ RunTime:0.001000s ]
INFO: [ app_end ] --END-- [ RunTime:0.001000s ]

[ 2016-10-16T16:25:47+08:00 ] ::1 /OfficeDispose/index.php/Home/ShenExcel/ShenCondition?style=1
INFO: [ app_init ] --START--
INFO: Run Behavior\BuildLiteBehavior [ RunTime:0.000000s ]
INFO: [ app_init ] --END-- [ RunTime:0.000000s ]
INFO: [ app_begin ] --START--
INFO: Run Behavior\ReadHtmlCacheBehavior [ RunTime:0.000000s ]
INFO: [ app_begin ] --END-- [ RunTime:0.000000s ]
NOTIC: [8] Undefined index: style H:\Apache24\htdocs\OfficeDispose\Home\Home\Controller\ShenExcelController.class.php 第 111 行.
SQL: SHOW COLUMNS FROM `indent` [ RunTime:0.0010s ]
SQL: SELECT COUNT(*) AS tp_count FROM `indent` WHERE `status` = 1 LIMIT 1   [ RunTime:0.0000s ]
SQL: SELECT * FROM `indent` WHERE `status` = 1 ORDER BY id DESC LIMIT 0,8   [ RunTime:0.0000s ]
INFO: [ view_parse ] --START--
INFO: [ template_filter ] --START--
INFO: Run Behavior\ContentReplaceBehavior [ RunTime:0.000000s ]
INFO: [ template_filter ] --END-- [ RunTime:0.000000s ]
NOTIC: [8] Undefined variable: id H:\Apache24\htdocs\OfficeDispose\Home\Runtime\Cache\Home\3ef5f05a635a5f4ea26d2a0bc36e2652.php 第 25 行.
NOTIC: [8] Undefined variable: name H:\Apache24\htdocs\OfficeDispose\Home\Runtime\Cache\Home\3ef5f05a635a5f4ea26d2a0bc36e2652.php 第 29 行.
NOTIC: [8] Undefined index: who_add H:\Apache24\htdocs\OfficeDispose\Home\Runtime\Cache\Home\3ef5f05a635a5f4ea26d2a0bc36e2652.php 第 132 行.
INFO: Run Behavior\ParseTemplateBehavior [ RunTime:0.010000s ]
INFO: [ view_parse ] --END-- [ RunTime:0.010000s ]
INFO: [ view_filter ] --START--
INFO: Run Behavior\WriteHtmlCacheBehavior [ RunTime:0.001001s ]
INFO: [ view_filter ] --END-- [ RunTime:0.001001s ]
INFO: [ app_end ] --START--
INFO: Run Behavior\ShowPageTraceBehavior [ RunTime:0.000000s ]
INFO: [ app_end ] --END-- [ RunTime:0.000000s ]

[ 2016-10-16T16:27:16+08:00 ] ::1 /OfficeDispose/index.php/Home/ShenExcel/ShenCondition?style=1
INFO: [ app_init ] --START--
INFO: Run Behavior\BuildLiteBehavior [ RunTime:0.000000s ]
INFO: [ app_init ] --END-- [ RunTime:0.001000s ]
INFO: [ app_begin ] --START--
INFO: Run Behavior\ReadHtmlCacheBehavior [ RunTime:0.000000s ]
INFO: [ app_begin ] --END-- [ RunTime:0.000000s ]
NOTIC: [8] Undefined index: style H:\Apache24\htdocs\OfficeDispose\Home\Home\Controller\ShenExcelController.class.php 第 111 行.
SQL: SHOW COLUMNS FROM `indent` [ RunTime:0.0000s ]
SQL: SELECT COUNT(*) AS tp_count FROM `indent` WHERE `status` = 1 LIMIT 1   [ RunTime:0.0010s ]
SQL: SELECT * FROM `indent` WHERE `status` = 1 ORDER BY id DESC LIMIT 0,8   [ RunTime:0.0010s ]
NOTIC: [2] date() expects parameter 2 to be long, string given H:\Apache24\htdocs\OfficeDispose\Home\Home\Controller\ShenExcelController.class.php 第 262 行.
INFO: [ view_parse ] --START--
INFO: [ template_filter ] --START--
INFO: Run Behavior\ContentReplaceBehavior [ RunTime:0.000000s ]
INFO: [ template_filter ] --END-- [ RunTime:0.000000s ]
NOTIC: [8] Undefined variable: id H:\Apache24\htdocs\OfficeDispose\Home\Runtime\Cache\Home\3ef5f05a635a5f4ea26d2a0bc36e2652.php 第 25 行.
NOTIC: [8] Undefined variable: name H:\Apache24\htdocs\OfficeDispose\Home\Runtime\Cache\Home\3ef5f05a635a5f4ea26d2a0bc36e2652.php 第 29 行.
NOTIC: [8] Undefined index: who_add H:\Apache24\htdocs\OfficeDispose\Home\Runtime\Cache\Home\3ef5f05a635a5f4ea26d2a0bc36e2652.php 第 132 行.
INFO: Run Behavior\ParseTemplateBehavior [ RunTime:0.010001s ]
INFO: [ view_parse ] --END-- [ RunTime:0.010001s ]
INFO: [ view_filter ] --START--
INFO: Run Behavior\WriteHtmlCacheBehavior [ RunTime:0.001000s ]
INFO: [ view_filter ] --END-- [ RunTime:0.001000s ]
INFO: [ app_end ] --START--
INFO: Run Behavior\ShowPageTraceBehavior [ RunTime:0.000000s ]
INFO: [ app_end ] --END-- [ RunTime:0.000000s ]

[ 2016-10-16T16:27:52+08:00 ] ::1 /OfficeDispose/index.php/Home/ShenExcel/ShenCondition?style=1
INFO: [ app_init ] --START--
INFO: Run Behavior\BuildLiteBehavior [ RunTime:0.000000s ]
INFO: [ app_init ] --END-- [ RunTime:0.000000s ]
INFO: [ app_begin ] --START--
INFO: Run Behavior\ReadHtmlCacheBehavior [ RunTime:0.001000s ]
INFO: [ app_begin ] --END-- [ RunTime:0.001000s ]
NOTIC: [8] Undefined index: style H:\Apache24\htdocs\OfficeDispose\Home\Home\Controller\ShenExcelController.class.php 第 115 行.
SQL: SHOW COLUMNS FROM `indent` [ RunTime:0.0010s ]
SQL: SELECT COUNT(*) AS tp_count FROM `indent` WHERE `status` = 1 LIMIT 1   [ RunTime:0.0000s ]
SQL: SELECT * FROM `indent` WHERE `status` = 1 ORDER BY id DESC LIMIT 0,8   [ RunTime:0.0010s ]
NOTIC: [2] date() expects parameter 2 to be long, string given H:\Apache24\htdocs\OfficeDispose\Home\Home\Controller\ShenExcelController.class.php 第 266 行.
INFO: [ view_parse ] --START--
INFO: [ template_filter ] --START--
INFO: Run Behavior\ContentReplaceBehavior [ RunTime:0.000000s ]
INFO: [ template_filter ] --END-- [ RunTime:0.000000s ]
NOTIC: [8] Undefined variable: id H:\Apache24\htdocs\OfficeDispose\Home\Runtime\Cache\Home\3ef5f05a635a5f4ea26d2a0bc36e2652.php 第 25 行.
NOTIC: [8] Undefined variable: name H:\Apache24\htdocs\OfficeDispose\Home\Runtime\Cache\Home\3ef5f05a635a5f4ea26d2a0bc36e2652.php 第 29 行.
NOTIC: [8] Undefined index: who_add H:\Apache24\htdocs\OfficeDispose\Home\Runtime\Cache\Home\3ef5f05a635a5f4ea26d2a0bc36e2652.php 第 132 行.
INFO: Run Behavior\ParseTemplateBehavior [ RunTime:0.011001s ]
INFO: [ view_parse ] --END-- [ RunTime:0.011001s ]
INFO: [ view_filter ] --START--
INFO: Run Behavior\WriteHtmlCacheBehavior [ RunTime:0.000000s ]
INFO: [ view_filter ] --END-- [ RunTime:0.001000s ]
INFO: [ app_end ] --START--
INFO: Run Behavior\ShowPageTraceBehavior [ RunTime:0.000000s ]
INFO: [ app_end ] --END-- [ RunTime:0.000000s ]

[ 2016-10-16T16:27:54+08:00 ] ::1 /OfficeDispose/index.php/Home/ShenExcel/ShenCondition?style=2
INFO: [ app_init ] --START--
INFO: Run Behavior\BuildLiteBehavior [ RunTime:0.000000s ]
INFO: [ app_init ] --END-- [ RunTime:0.000000s ]
INFO: [ app_begin ] --START--
INFO: Run Behavior\ReadHtmlCacheBehavior [ RunTime:0.000000s ]
INFO: [ app_begin ] --END-- [ RunTime:0.000000s ]
NOTIC: [8] Undefined index: style H:\Apache24\htdocs\OfficeDispose\Home\Home\Controller\ShenExcelController.class.php 第 115 行.
SQL: SHOW COLUMNS FROM `indent` [ RunTime:0.0010s ]
SQL: SELECT COUNT(*) AS tp_count FROM `indent` WHERE `status` = 2 LIMIT 1   [ RunTime:0.0000s ]
SQL: SELECT * FROM `indent` WHERE `status` = 2 ORDER BY id DESC LIMIT 0,8   [ RunTime:0.0000s ]
NOTIC: [2] date() expects parameter 2 to be long, string given H:\Apache24\htdocs\OfficeDispose\Home\Home\Controller\ShenExcelController.class.php 第 266 行.
INFO: [ view_parse ] --START--
INFO: [ template_filter ] --START--
INFO: Run Behavior\ContentReplaceBehavior [ RunTime:0.000000s ]
INFO: [ template_filter ] --END-- [ RunTime:0.000000s ]
NOTIC: [8] Undefined variable: id H:\Apache24\htdocs\OfficeDispose\Home\Runtime\Cache\Home\3ef5f05a635a5f4ea26d2a0bc36e2652.php 第 25 行.
NOTIC: [8] Undefined variable: name H:\Apache24\htdocs\OfficeDispose\Home\Runtime\Cache\Home\3ef5f05a635a5f4ea26d2a0bc36e2652.php 第 29 行.
NOTIC: [8] Undefined index: who_add H:\Apache24\htdocs\OfficeDispose\Home\Runtime\Cache\Home\3ef5f05a635a5f4ea26d2a0bc36e2652.php 第 132 行.
INFO: Run Behavior\ParseTemplateBehavior [ RunTime:0.010001s ]
INFO: [ view_parse ] --END-- [ RunTime:0.010001s ]
INFO: [ view_filter ] --START--
INFO: Run Behavior\WriteHtmlCacheBehavior [ RunTime:0.000000s ]
INFO: [ view_filter ] --END-- [ RunTime:0.000000s ]
INFO: [ app_end ] --START--
INFO: Run Behavior\ShowPageTraceBehavior [ RunTime:0.000000s ]
INFO: [ app_end ] --END-- [ RunTime:0.000000s ]

[ 2016-10-16T16:28:00+08:00 ] ::1 /OfficeDispose/index.php/Home/ShenExcel/ShenCondition
INFO: [ app_init ] --START--
INFO: Run Behavior\BuildLiteBehavior [ RunTime:0.000000s ]
INFO: [ app_init ] --END-- [ RunTime:0.001000s ]
INFO: [ app_begin ] --START--
INFO: Run Behavior\ReadHtmlCacheBehavior [ RunTime:0.000000s ]
INFO: [ app_begin ] --END-- [ RunTime:0.000000s ]
SQL: SHOW COLUMNS FROM `indent` [ RunTime:0.0010s ]
SQL: SELECT * FROM `indent` WHERE ( `add_time` > 1475481693 AND `add_time` < 1476971389  ) AND `status` = 2 ORDER BY id DESC  [ RunTime:0.0010s ]
NOTIC: [2] date() expects parameter 2 to be long, string given H:\Apache24\htdocs\OfficeDispose\Home\Home\Controller\ShenExcelController.class.php 第 47 行.

[ 2016-10-16T16:28:14+08:00 ] ::1 /OfficeDispose/index.php/Home/ShenExcel/ShenCondition?style=9
INFO: [ app_init ] --START--
INFO: Run Behavior\BuildLiteBehavior [ RunTime:0.000000s ]
INFO: [ app_init ] --END-- [ RunTime:0.000000s ]
INFO: [ app_begin ] --START--
INFO: Run Behavior\ReadHtmlCacheBehavior [ RunTime:0.001001s ]
INFO: [ app_begin ] --END-- [ RunTime:0.001001s ]
NOTIC: [8] Undefined index: style H:\Apache24\htdocs\OfficeDispose\Home\Home\Controller\ShenExcelController.class.php 第 115 行.
SQL: SHOW COLUMNS FROM `indent` [ RunTime:0.0010s ]
SQL: SELECT COUNT(*) AS tp_count FROM `indent` WHERE `status` = 9 LIMIT 1   [ RunTime:0.0000s ]
SQL: SELECT * FROM `indent` WHERE `status` = 9 ORDER BY id DESC LIMIT 0,8   [ RunTime:0.0000s ]
NOTIC: [2] date() expects parameter 2 to be long, string given H:\Apache24\htdocs\OfficeDispose\Home\Home\Controller\ShenExcelController.class.php 第 266 行.
INFO: [ view_parse ] --START--
INFO: [ template_filter ] --START--
INFO: Run Behavior\ContentReplaceBehavior [ RunTime:0.000000s ]
INFO: [ template_filter ] --END-- [ RunTime:0.000000s ]
NOTIC: [8] Undefined variable: id H:\Apache24\htdocs\OfficeDispose\Home\Runtime\Cache\Home\3ef5f05a635a5f4ea26d2a0bc36e2652.php 第 25 行.
NOTIC: [8] Undefined variable: name H:\Apache24\htdocs\OfficeDispose\Home\Runtime\Cache\Home\3ef5f05a635a5f4ea26d2a0bc36e2652.php 第 29 行.
NOTIC: [8] Undefined index: who_add H:\Apache24\htdocs\OfficeDispose\Home\Runtime\Cache\Home\3ef5f05a635a5f4ea26d2a0bc36e2652.php 第 132 行.
INFO: Run Behavior\ParseTemplateBehavior [ RunTime:0.011000s ]
INFO: [ view_parse ] --END-- [ RunTime:0.011000s ]
INFO: [ view_filter ] --START--
INFO: Run Behavior\WriteHtmlCacheBehavior [ RunTime:0.001000s ]
INFO: [ view_filter ] --END-- [ RunTime:0.001000s ]
INFO: [ app_end ] --START--
INFO: Run Behavior\ShowPageTraceBehavior [ RunTime:0.000000s ]
INFO: [ app_end ] --END-- [ RunTime:0.000000s ]

[ 2016-10-16T16:28:19+08:00 ] ::1 /OfficeDispose/index.php/Home/ShenExcel/ShenCondition
INFO: [ app_init ] --START--
INFO: Run Behavior\BuildLiteBehavior [ RunTime:0.000000s ]
INFO: [ app_init ] --END-- [ RunTime:0.001000s ]
INFO: [ app_begin ] --START--
INFO: Run Behavior\ReadHtmlCacheBehavior [ RunTime:0.001000s ]
INFO: [ app_begin ] --END-- [ RunTime:0.001000s ]
SQL: SHOW COLUMNS FROM `indent` [ RunTime:0.0010s ]
SQL: SELECT * FROM `indent` WHERE ( `add_time` > 1475481693 AND `add_time` < 1476971389  ) AND `status` = 9 ORDER BY id DESC  [ RunTime:0.0000s ]
NOTIC: [2] date() expects parameter 2 to be long, string given H:\Apache24\htdocs\OfficeDispose\Home\Home\Controller\ShenExcelController.class.php 第 47 行.

[ 2016-10-16T16:32:09+08:00 ] ::1 /OfficeDispose/index.php/Home/ShenExcel/ShenCondition?style=1
INFO: [ app_init ] --START--
INFO: Run Behavior\BuildLiteBehavior [ RunTime:0.000000s ]
INFO: [ app_init ] --END-- [ RunTime:0.001000s ]
INFO: [ app_begin ] --START--
INFO: Run Behavior\ReadHtmlCacheBehavior [ RunTime:0.001000s ]
INFO: [ app_begin ] --END-- [ RunTime:0.001000s ]
NOTIC: [8] Undefined index: style H:\Apache24\htdocs\OfficeDispose\Home\Home\Controller\ShenExcelController.class.php 第 116 行.
SQL: SHOW COLUMNS FROM `indent` [ RunTime:0.0010s ]
SQL: SELECT COUNT(*) AS tp_count FROM `indent` WHERE `status` = 1 LIMIT 1   [ RunTime:0.0000s ]
SQL: SELECT * FROM `indent` WHERE `status` = 1 ORDER BY id DESC LIMIT 0,8   [ RunTime:0.0000s ]
NOTIC: [2] date() expects parameter 2 to be long, string given H:\Apache24\htdocs\OfficeDispose\Home\Home\Controller\ShenExcelController.class.php 第 267 行.
INFO: [ view_parse ] --START--
INFO: [ template_filter ] --START--
INFO: Run Behavior\ContentReplaceBehavior [ RunTime:0.000000s ]
INFO: [ template_filter ] --END-- [ RunTime:0.000000s ]
NOTIC: [8] Undefined variable: id H:\Apache24\htdocs\OfficeDispose\Home\Runtime\Cache\Home\3ef5f05a635a5f4ea26d2a0bc36e2652.php 第 25 行.
NOTIC: [8] Undefined variable: name H:\Apache24\htdocs\OfficeDispose\Home\Runtime\Cache\Home\3ef5f05a635a5f4ea26d2a0bc36e2652.php 第 29 行.
NOTIC: [8] Undefined index: who_add H:\Apache24\htdocs\OfficeDispose\Home\Runtime\Cache\Home\3ef5f05a635a5f4ea26d2a0bc36e2652.php 第 132 行.
INFO: Run Behavior\ParseTemplateBehavior [ RunTime:0.020001s ]
INFO: [ view_parse ] --END-- [ RunTime:0.020001s ]
INFO: [ view_filter ] --START--
INFO: Run Behavior\WriteHtmlCacheBehavior [ RunTime:0.001000s ]
INFO: [ view_filter ] --END-- [ RunTime:0.001000s ]
INFO: [ app_end ] --START--
INFO: Run Behavior\ShowPageTraceBehavior [ RunTime:0.001000s ]
INFO: [ app_end ] --END-- [ RunTime:0.001000s ]

[ 2016-10-16T16:32:14+08:00 ] ::1 /OfficeDispose/index.php/Home/ShenExcel/ShenCondition
INFO: [ app_init ] --START--
INFO: Run Behavior\BuildLiteBehavior [ RunTime:0.000000s ]
INFO: [ app_init ] --END-- [ RunTime:0.000000s ]
INFO: [ app_begin ] --START--
INFO: Run Behavior\ReadHtmlCacheBehavior [ RunTime:0.001000s ]
INFO: [ app_begin ] --END-- [ RunTime:0.001000s ]
SQL: SHOW COLUMNS FROM `indent` [ RunTime:0.0010s ]
SQL: SELECT * FROM `indent` WHERE ( `add_time` > 1475481693 AND `add_time` < 1476971389  ) AND `status` = 1 ORDER BY id DESC  [ RunTime:0.0000s ]
NOTIC: [2] date() expects parameter 2 to be long, string given H:\Apache24\htdocs\OfficeDispose\Home\Home\Controller\ShenExcelController.class.php 第 48 行.

[ 2016-10-16T16:32:24+08:00 ] ::1 /OfficeDispose/index.php/Home/ShenExcel/ShenCondition?style=8
INFO: [ app_init ] --START--
INFO: Run Behavior\BuildLiteBehavior [ RunTime:0.000000s ]
INFO: [ app_init ] --END-- [ RunTime:0.000000s ]
INFO: [ app_begin ] --START--
INFO: Run Behavior\ReadHtmlCacheBehavior [ RunTime:0.001000s ]
INFO: [ app_begin ] --END-- [ RunTime:0.001000s ]
NOTIC: [8] Undefined index: style H:\Apache24\htdocs\OfficeDispose\Home\Home\Controller\ShenExcelController.class.php 第 116 行.
SQL: SHOW COLUMNS FROM `indent` [ RunTime:0.0010s ]
SQL: SELECT COUNT(*) AS tp_count FROM `indent` WHERE `status` = 8 LIMIT 1   [ RunTime:0.0000s ]
SQL: SELECT * FROM `indent` WHERE `status` = 8 ORDER BY id DESC LIMIT 0,8   [ RunTime:0.0000s ]
NOTIC: [2] date() expects parameter 2 to be long, string given H:\Apache24\htdocs\OfficeDispose\Home\Home\Controller\ShenExcelController.class.php 第 267 行.
INFO: [ view_parse ] --START--
INFO: [ template_filter ] --START--
INFO: Run Behavior\ContentReplaceBehavior [ RunTime:0.001000s ]
INFO: [ template_filter ] --END-- [ RunTime:0.001000s ]
NOTIC: [8] Undefined variable: id H:\Apache24\htdocs\OfficeDispose\Home\Runtime\Cache\Home\3ef5f05a635a5f4ea26d2a0bc36e2652.php 第 25 行.
NOTIC: [8] Undefined variable: name H:\Apache24\htdocs\OfficeDispose\Home\Runtime\Cache\Home\3ef5f05a635a5f4ea26d2a0bc36e2652.php 第 29 行.
NOTIC: [8] Undefined index: who_add H:\Apache24\htdocs\OfficeDispose\Home\Runtime\Cache\Home\3ef5f05a635a5f4ea26d2a0bc36e2652.php 第 132 行.
INFO: Run Behavior\ParseTemplateBehavior [ RunTime:0.010001s ]
INFO: [ view_parse ] --END-- [ RunTime:0.010001s ]
INFO: [ view_filter ] --START--
INFO: Run Behavior\WriteHtmlCacheBehavior [ RunTime:0.001000s ]
INFO: [ view_filter ] --END-- [ RunTime:0.001000s ]
INFO: [ app_end ] --START--
INFO: Run Behavior\ShowPageTraceBehavior [ RunTime:0.000000s ]
INFO: [ app_end ] --END-- [ RunTime:0.000000s ]

[ 2016-10-16T16:32:28+08:00 ] ::1 /OfficeDispose/index.php/Home/ShenExcel/ShenCondition
INFO: [ app_init ] --START--
INFO: Run Behavior\BuildLiteBehavior [ RunTime:0.000000s ]
INFO: [ app_init ] --END-- [ RunTime:0.000000s ]
INFO: [ app_begin ] --START--
INFO: Run Behavior\ReadHtmlCacheBehavior [ RunTime:0.001000s ]
INFO: [ app_begin ] --END-- [ RunTime:0.001000s ]
SQL: SHOW COLUMNS FROM `indent` [ RunTime:0.0010s ]
SQL: SELECT * FROM `indent` WHERE ( `add_time` > 1475481693 AND `add_time` < 1476971389  ) AND `status` = 8 ORDER BY id DESC  [ RunTime:0.0000s ]
NOTIC: [2] date() expects parameter 2 to be long, string given H:\Apache24\htdocs\OfficeDispose\Home\Home\Controller\ShenExcelController.class.php 第 48 行.

[ 2016-10-16T16:58:28+08:00 ] ::1 /OfficeDispose/
INFO: [ app_init ] --START--
INFO: Run Behavior\BuildLiteBehavior [ RunTime:0.000000s ]
INFO: [ app_init ] --END-- [ RunTime:0.001001s ]
INFO: [ app_begin ] --START--
INFO: Run Behavior\ReadHtmlCacheBehavior [ RunTime:0.001000s ]
INFO: [ app_begin ] --END-- [ RunTime:0.001000s ]
INFO: [ view_parse ] --START--
INFO: [ template_filter ] --START--
INFO: Run Behavior\ContentReplaceBehavior [ RunTime:0.000000s ]
INFO: [ template_filter ] --END-- [ RunTime:0.000000s ]
INFO: Run Behavior\ParseTemplateBehavior [ RunTime:0.008000s ]
INFO: [ view_parse ] --END-- [ RunTime:0.008000s ]
INFO: [ view_filter ] --START--
INFO: Run Behavior\WriteHtmlCacheBehavior [ RunTime:0.000000s ]
INFO: [ view_filter ] --END-- [ RunTime:0.000000s ]
INFO: [ app_end ] --START--
INFO: Run Behavior\ShowPageTraceBehavior [ RunTime:0.001000s ]
INFO: [ app_end ] --END-- [ RunTime:0.001000s ]

