[ 2017-02-27T09:32:34+08:00 ] 127.0.0.1 /ge_ren_zhong_xin/FiltrateIndent/index.php
INFO: [ app_init ] --START--
INFO: Run Behavior\BuildLiteBehavior [ RunTime:0.000000s ]
INFO: [ app_init ] --END-- [ RunTime:0.000000s ]
INFO: [ app_begin ] --START--
INFO: Run Behavior\ReadHtmlCacheBehavior [ RunTime:0.001000s ]
INFO: [ app_begin ] --END-- [ RunTime:0.001000s ]
INFO: [ view_parse ] --START--
INFO: [ template_filter ] --START--
INFO: Run Behavior\ContentReplaceBehavior [ RunTime:0.000000s ]
INFO: [ template_filter ] --END-- [ RunTime:0.000000s ]
INFO: Run Behavior\ParseTemplateBehavior [ RunTime:0.006001s ]
INFO: [ view_parse ] --END-- [ RunTime:0.006001s ]
INFO: [ view_filter ] --START--
INFO: Run Behavior\WriteHtmlCacheBehavior [ RunTime:0.001000s ]
INFO: [ view_filter ] --END-- [ RunTime:0.001000s ]
INFO: [ app_end ] --START--
INFO: Run Behavior\ShowPageTraceBehavior [ RunTime:0.001000s ]
INFO: [ app_end ] --END-- [ RunTime:0.001000s ]

[ 2017-02-27T09:32:38+08:00 ] 127.0.0.1 /ge_ren_zhong_xin/FiltrateIndent/index.php/Home/Index/CheckLogin
INFO: [ app_init ] --START--
INFO: Run Behavior\BuildLiteBehavior [ RunTime:0.000000s ]
INFO: [ app_init ] --END-- [ RunTime:0.000000s ]
INFO: [ app_begin ] --START--
INFO: Run Behavior\ReadHtmlCacheBehavior [ RunTime:0.000000s ]
INFO: [ app_begin ] --END-- [ RunTime:0.000000s ]
SQL: SHOW COLUMNS FROM `admin` [ RunTime:0.0010s ]
SQL: SELECT * FROM `admin` WHERE `u_name` = 'shenshuang' AND `u_pwd` = 'a0d0a782871ffa5f8fdb5baab61e29a8' AND `sta` = 1 LIMIT 1   [ RunTime:0.0010s ]
NOTIC: [8] Undefined index: save C:\myself\code\www\ge_ren_zhong_xin\FiltrateIndent\Home\Home\Controller\IndexController.class.php 第 42 行.
NOTIC: [8] Undefined index: save C:\myself\code\www\ge_ren_zhong_xin\FiltrateIndent\Home\Home\Controller\IndexController.class.php 第 47 行.
SQL: UPDATE `admin` SET `l_time`='1488159158',`l_ip`='127.0.0.1' WHERE `u_name` = 'shenshuang' AND `u_pwd` = 'a0d0a782871ffa5f8fdb5baab61e29a8' AND `sta` = 1 [ RunTime:0.0000s ]
INFO: [ view_parse ] --START--
INFO: [ template_filter ] --START--
INFO: Run Behavior\ContentReplaceBehavior [ RunTime:0.000000s ]
INFO: [ template_filter ] --END-- [ RunTime:0.000000s ]
INFO: Run Behavior\ParseTemplateBehavior [ RunTime:0.007000s ]
INFO: [ view_parse ] --END-- [ RunTime:0.007000s ]
INFO: [ view_filter ] --START--
INFO: Run Behavior\WriteHtmlCacheBehavior [ RunTime:0.000000s ]
INFO: [ view_filter ] --END-- [ RunTime:0.000000s ]
INFO: [ app_end ] --START--
INFO: Run Behavior\ShowPageTraceBehavior [ RunTime:0.001000s ]
INFO: [ app_end ] --END-- [ RunTime:0.001000s ]

[ 2017-02-27T09:32:39+08:00 ] 127.0.0.1 /ge_ren_zhong_xin/FiltrateIndent/index.php/Home/Handle/HandleHome.html
INFO: [ app_init ] --START--
INFO: Run Behavior\BuildLiteBehavior [ RunTime:0.000000s ]
INFO: [ app_init ] --END-- [ RunTime:0.001001s ]
INFO: [ app_begin ] --START--
INFO: Run Behavior\ReadHtmlCacheBehavior [ RunTime:0.000000s ]
INFO: [ app_begin ] --END-- [ RunTime:0.000000s ]
INFO: [ view_parse ] --START--
INFO: [ template_filter ] --START--
INFO: Run Behavior\ContentReplaceBehavior [ RunTime:0.000000s ]
INFO: [ template_filter ] --END-- [ RunTime:0.000000s ]
INFO: Run Behavior\ParseTemplateBehavior [ RunTime:0.004000s ]
INFO: [ view_parse ] --END-- [ RunTime:0.004000s ]
INFO: [ view_filter ] --START--
INFO: Run Behavior\WriteHtmlCacheBehavior [ RunTime:0.001000s ]
INFO: [ view_filter ] --END-- [ RunTime:0.001000s ]
INFO: [ app_end ] --START--
INFO: Run Behavior\ShowPageTraceBehavior [ RunTime:0.000000s ]
INFO: [ app_end ] --END-- [ RunTime:0.000000s ]

[ 2017-02-27T09:33:05+08:00 ] 127.0.0.1 /ge_ren_zhong_xin/FiltrateIndent/index.php/Home/Excel/index
INFO: [ app_init ] --START--
INFO: Run Behavior\BuildLiteBehavior [ RunTime:0.000000s ]
INFO: [ app_init ] --END-- [ RunTime:0.001000s ]
INFO: [ app_begin ] --START--
INFO: Run Behavior\ReadHtmlCacheBehavior [ RunTime:0.000000s ]
INFO: [ app_begin ] --END-- [ RunTime:0.000000s ]
SQL: SHOW COLUMNS FROM `admin` [ RunTime:0.0010s ]
SQL: SELECT * FROM `admin` WHERE `jurisdiction` = 'admin' LIMIT 1   [ RunTime:0.0000s ]
INFO: [ view_parse ] --START--
INFO: [ template_filter ] --START--
INFO: Run Behavior\ContentReplaceBehavior [ RunTime:0.000000s ]
INFO: [ template_filter ] --END-- [ RunTime:0.000000s ]
INFO: Run Behavior\ParseTemplateBehavior [ RunTime:0.006000s ]
INFO: [ view_parse ] --END-- [ RunTime:0.006000s ]
INFO: [ view_filter ] --START--
INFO: Run Behavior\WriteHtmlCacheBehavior [ RunTime:0.000000s ]
INFO: [ view_filter ] --END-- [ RunTime:0.000000s ]
INFO: [ app_end ] --START--
INFO: Run Behavior\ShowPageTraceBehavior [ RunTime:0.001000s ]
INFO: [ app_end ] --END-- [ RunTime:0.001000s ]

[ 2017-02-27T09:33:16+08:00 ] 127.0.0.1 /ge_ren_zhong_xin/FiltrateIndent/index.php/Home/Handle/index
INFO: [ app_init ] --START--
INFO: Run Behavior\BuildLiteBehavior [ RunTime:0.000000s ]
INFO: [ app_init ] --END-- [ RunTime:0.000000s ]
INFO: [ app_begin ] --START--
INFO: Run Behavior\ReadHtmlCacheBehavior [ RunTime:0.000000s ]
INFO: [ app_begin ] --END-- [ RunTime:0.000000s ]
SQL: SHOW COLUMNS FROM `admin` [ RunTime:0.0020s ]
SQL: SELECT * FROM `admin` WHERE `jurisdiction` = 'admin' LIMIT 1   [ RunTime:0.0000s ]
INFO: [ view_parse ] --START--
INFO: [ template_filter ] --START--
INFO: Run Behavior\ContentReplaceBehavior [ RunTime:0.000000s ]
INFO: [ template_filter ] --END-- [ RunTime:0.000000s ]
NOTIC: [8] Undefined variable: OneInfo C:\myself\code\www\ge_ren_zhong_xin\FiltrateIndent\Home\Runtime\Cache\Home\c68e3a4c3693bbaf45ce9ec4a5d45a0a.php 第 189 行.
NOTIC: [8] Undefined variable: OneInfo C:\myself\code\www\ge_ren_zhong_xin\FiltrateIndent\Home\Runtime\Cache\Home\c68e3a4c3693bbaf45ce9ec4a5d45a0a.php 第 192 行.
NOTIC: [8] Undefined variable: OneInfo C:\myself\code\www\ge_ren_zhong_xin\FiltrateIndent\Home\Runtime\Cache\Home\c68e3a4c3693bbaf45ce9ec4a5d45a0a.php 第 195 行.
NOTIC: [8] Undefined variable: OneInfo C:\myself\code\www\ge_ren_zhong_xin\FiltrateIndent\Home\Runtime\Cache\Home\c68e3a4c3693bbaf45ce9ec4a5d45a0a.php 第 196 行.
NOTIC: [8] Undefined variable: OneInfo C:\myself\code\www\ge_ren_zhong_xin\FiltrateIndent\Home\Runtime\Cache\Home\c68e3a4c3693bbaf45ce9ec4a5d45a0a.php 第 200 行.
NOTIC: [8] Undefined variable: OneInfo C:\myself\code\www\ge_ren_zhong_xin\FiltrateIndent\Home\Runtime\Cache\Home\c68e3a4c3693bbaf45ce9ec4a5d45a0a.php 第 203 行.
NOTIC: [8] Undefined variable: OneInfo C:\myself\code\www\ge_ren_zhong_xin\FiltrateIndent\Home\Runtime\Cache\Home\c68e3a4c3693bbaf45ce9ec4a5d45a0a.php 第 206 行.
NOTIC: [8] Undefined variable: OneInfo C:\myself\code\www\ge_ren_zhong_xin\FiltrateIndent\Home\Runtime\Cache\Home\c68e3a4c3693bbaf45ce9ec4a5d45a0a.php 第 209 行.
NOTIC: [8] Use of undefined constant admin - assumed 'admin' C:\myself\code\www\ge_ren_zhong_xin\FiltrateIndent\Home\Runtime\Cache\Home\c68e3a4c3693bbaf45ce9ec4a5d45a0a.php 第 209 行.
NOTIC: [8] Undefined variable: OneInfo C:\myself\code\www\ge_ren_zhong_xin\FiltrateIndent\Home\Runtime\Cache\Home\c68e3a4c3693bbaf45ce9ec4a5d45a0a.php 第 210 行.
NOTIC: [8] Use of undefined constant user - assumed 'user' C:\myself\code\www\ge_ren_zhong_xin\FiltrateIndent\Home\Runtime\Cache\Home\c68e3a4c3693bbaf45ce9ec4a5d45a0a.php 第 210 行.
NOTIC: [8] Undefined variable: OneInfo C:\myself\code\www\ge_ren_zhong_xin\FiltrateIndent\Home\Runtime\Cache\Home\c68e3a4c3693bbaf45ce9ec4a5d45a0a.php 第 214 行.
NOTIC: [8] Undefined variable: OneInfo C:\myself\code\www\ge_ren_zhong_xin\FiltrateIndent\Home\Runtime\Cache\Home\c68e3a4c3693bbaf45ce9ec4a5d45a0a.php 第 217 行.
NOTIC: [8] Undefined variable: ListInfoDisplay C:\myself\code\www\ge_ren_zhong_xin\FiltrateIndent\Home\Runtime\Cache\Home\c68e3a4c3693bbaf45ce9ec4a5d45a0a.php 第 224 行.
NOTIC: [8] Undefined variable: ListInfo C:\myself\code\www\ge_ren_zhong_xin\FiltrateIndent\Home\Runtime\Cache\Home\c68e3a4c3693bbaf45ce9ec4a5d45a0a.php 第 267 行.
NOTIC: [8] Undefined variable: page C:\myself\code\www\ge_ren_zhong_xin\FiltrateIndent\Home\Runtime\Cache\Home\c68e3a4c3693bbaf45ce9ec4a5d45a0a.php 第 338 行.
NOTIC: [8] Undefined variable: AdminListUpdOneDisplay C:\myself\code\www\ge_ren_zhong_xin\FiltrateIndent\Home\Runtime\Cache\Home\c68e3a4c3693bbaf45ce9ec4a5d45a0a.php 第 345 行.
NOTIC: [8] Undefined variable: UpdOneInfo C:\myself\code\www\ge_ren_zhong_xin\FiltrateIndent\Home\Runtime\Cache\Home\c68e3a4c3693bbaf45ce9ec4a5d45a0a.php 第 360 行.
NOTIC: [8] Undefined variable: UpdOneInfo C:\myself\code\www\ge_ren_zhong_xin\FiltrateIndent\Home\Runtime\Cache\Home\c68e3a4c3693bbaf45ce9ec4a5d45a0a.php 第 361 行.
INFO: Run Behavior\ParseTemplateBehavior [ RunTime:0.010001s ]
INFO: [ view_parse ] --END-- [ RunTime:0.010001s ]
INFO: [ view_filter ] --START--
INFO: Run Behavior\WriteHtmlCacheBehavior [ RunTime:0.000000s ]
INFO: [ view_filter ] --END-- [ RunTime:0.000000s ]
INFO: [ app_end ] --START--
INFO: Run Behavior\ShowPageTraceBehavior [ RunTime:0.001000s ]
INFO: [ app_end ] --END-- [ RunTime:0.001000s ]

